ace04/ENGLISH/ARABIC_TREEBANK/20001015_AFP_ARB_0123_EN000.XML -> cultest/20001015_AFP_ARB_0123_EN000.XML
ace04/ENGLISH/ARABIC_TREEBANK/20001015_AFP_ARB_0123_ENG.SGM -> cultest/20001015_AFP_ARB_0123_ENG.SGM
ace04/ENGLISH/ARABIC_TREEBANK/20001015_AFP_ARB_0123_ENG_A.XML -> cultest/20001015_AFP_ARB_0123_ENG_A.XML
ace04/ENGLISH/ARABIC_TREEBANK/20001015_AFP_ARB_0123_ENG_P.XM -> cultest/20001015_AFP_ARB_0123_ENG_P.XM
ace04/ENGLISH/ARABIC_TREEBANK/20001015_AFP_ARB_0130_EN000.XML -> cultest/20001015_AFP_ARB_0130_EN000.XML
ace04/ENGLISH/ARABIC_TREEBANK/20001015_AFP_ARB_0130_ENG.SGM -> cultest/20001015_AFP_ARB_0130_ENG.SGM
ace04/ENGLISH/ARABIC_TREEBANK/20001015_AFP_ARB_0130_ENG_A.XML -> cultest/20001015_AFP_ARB_0130_ENG_A.XML
ace04/ENGLISH/ARABIC_TREEBANK/20001015_AFP_ARB_0130_ENG_P.XM -> cultest/20001015_AFP_ARB_0130_ENG_P.XM
ace04/ENGLISH/ARABIC_TREEBANK/20001015_AFP_ARB_0136_EN000.XML -> cultest/20001015_AFP_ARB_0136_EN000.XML
ace04/ENGLISH/ARABIC_TREEBANK/20001015_AFP_ARB_0136_ENG.SGM -> cultest/20001015_AFP_ARB_0136_ENG.SGM
ace04/ENGLISH/ARABIC_TREEBANK/20001015_AFP_ARB_0136_ENG_A.XML -> cultest/20001015_AFP_ARB_0136_ENG_A.XML
ace04/ENGLISH/ARABIC_TREEBANK/20001015_AFP_ARB_0136_ENG_P.XM -> cultest/20001015_AFP_ARB_0136_ENG_P.XM
ace04/ENGLISH/ARABIC_TREEBANK/20001015_AFP_ARB_0157_EN000.XML -> cultest/20001015_AFP_ARB_0157_EN000.XML
ace04/ENGLISH/ARABIC_TREEBANK/20001015_AFP_ARB_0157_ENG.SGM -> cultest/20001015_AFP_ARB_0157_ENG.SGM
ace04/ENGLISH/ARABIC_TREEBANK/20001015_AFP_ARB_0157_ENG_A.XML -> cultest/20001015_AFP_ARB_0157_ENG_A.XML
ace04/ENGLISH/ARABIC_TREEBANK/20001015_AFP_ARB_0157_ENG_P.XM -> cultest/20001015_AFP_ARB_0157_ENG_P.XM
ace04/ENGLISH/ARABIC_TREEBANK/20001015_AFP_ARB_0166_EN000.XML -> cultest/20001015_AFP_ARB_0166_EN000.XML
ace04/ENGLISH/ARABIC_TREEBANK/20001015_AFP_ARB_0166_ENG.SGM -> cultest/20001015_AFP_ARB_0166_ENG.SGM
ace04/ENGLISH/ARABIC_TREEBANK/20001015_AFP_ARB_0166_ENG_A.XML -> cultest/20001015_AFP_ARB_0166_ENG_A.XML
ace04/ENGLISH/ARABIC_TREEBANK/20001015_AFP_ARB_0166_ENG_P.XM -> cultest/20001015_AFP_ARB_0166_ENG_P.XM
ace04/ENGLISH/ARABIC_TREEBANK/20001015_AFP_ARB_0170_EN000.XML -> cultest/20001015_AFP_ARB_0170_EN000.XML
ace04/ENGLISH/ARABIC_TREEBANK/20001015_AFP_ARB_0170_ENG.SGM -> cultest/20001015_AFP_ARB_0170_ENG.SGM
ace04/ENGLISH/ARABIC_TREEBANK/20001015_AFP_ARB_0170_ENG_A.XML -> cultest/20001015_AFP_ARB_0170_ENG_A.XML
ace04/ENGLISH/ARABIC_TREEBANK/20001015_AFP_ARB_0170_ENG_P.XM -> cultest/20001015_AFP_ARB_0170_ENG_P.XM
ace04/ENGLISH/BNEWS/ABC20001001_1830_0973.SGM -> cultest/ABC20001001_1830_0973.SGM
ace04/ENGLISH/BNEWS/ABC20001001_1830_0973_ALF.XML -> cultest/ABC20001001_1830_0973_ALF.XML
ace04/ENGLISH/BNEWS/ABC20001001_1830_0973_APF.XML -> cultest/ABC20001001_1830_0973_APF.XML
ace04/ENGLISH/BNEWS/ABC20001001_1830_0973_PP_AG.XML -> cultest/ABC20001001_1830_0973_PP_AG.XML
ace04/ENGLISH/BNEWS/ABC20001005_1830_1532.SGM -> cultest/ABC20001005_1830_1532.SGM
ace04/ENGLISH/BNEWS/ABC20001005_1830_1532_ALF.XML -> cultest/ABC20001005_1830_1532_ALF.XML
ace04/ENGLISH/BNEWS/ABC20001005_1830_1532_APF.XML -> cultest/ABC20001005_1830_1532_APF.XML
ace04/ENGLISH/BNEWS/ABC20001005_1830_1532_PP_AG.XML -> cultest/ABC20001005_1830_1532_PP_AG.XML
ace04/ENGLISH/BNEWS/ABC20001010_1830_0037.SGM -> cultest/ABC20001010_1830_0037.SGM
ace04/ENGLISH/BNEWS/ABC20001010_1830_0037_ALF.XML -> cultest/ABC20001010_1830_0037_ALF.XML
ace04/ENGLISH/BNEWS/ABC20001010_1830_0037_APF.XML -> cultest/ABC20001010_1830_0037_APF.XML
ace04/ENGLISH/BNEWS/ABC20001010_1830_0037_PP_AG.XML -> cultest/ABC20001010_1830_0037_PP_AG.XML
ace04/ENGLISH/BNEWS/ABC20001017_1830_0661.SGM -> cultest/ABC20001017_1830_0661.SGM
ace04/ENGLISH/BNEWS/ABC20001017_1830_0661_ALF.XML -> cultest/ABC20001017_1830_0661_ALF.XML
ace04/ENGLISH/BNEWS/ABC20001017_1830_0661_APF.XML -> cultest/ABC20001017_1830_0661_APF.XML
ace04/ENGLISH/BNEWS/ABC20001017_1830_0661_PP_AG.XML -> cultest/ABC20001017_1830_0661_PP_AG.XML
ace04/ENGLISH/BNEWS/ABC20001017_1830_1528.SGM -> cultest/ABC20001017_1830_1528.SGM
ace04/ENGLISH/BNEWS/ABC20001017_1830_1528_ALF.XML -> cultest/ABC20001017_1830_1528_ALF.XML
ace04/ENGLISH/BNEWS/ABC20001017_1830_1528_APF.XML -> cultest/ABC20001017_1830_1528_APF.XML
ace04/ENGLISH/BNEWS/ABC20001017_1830_1528_PP_AG.XML -> cultest/ABC20001017_1830_1528_PP_AG.XML
ace04/ENGLISH/BNEWS/ABC20001019_1830_0945.SGM -> cultest/ABC20001019_1830_0945.SGM
ace04/ENGLISH/BNEWS/ABC20001019_1830_0945_ALF.XML -> cultest/ABC20001019_1830_0945_ALF.XML
ace04/ENGLISH/BNEWS/ABC20001019_1830_0945_APF.XML -> cultest/ABC20001019_1830_0945_APF.XML
ace04/ENGLISH/BNEWS/ABC20001019_1830_0945_PP_AG.XML -> cultest/ABC20001019_1830_0945_PP_AG.XML
ace04/ENGLISH/BNEWS/ABC20001020_1830_0308.SGM -> cultest/ABC20001020_1830_0308.SGM
ace04/ENGLISH/BNEWS/ABC20001020_1830_0308_ALF.XML -> cultest/ABC20001020_1830_0308_ALF.XML
ace04/ENGLISH/BNEWS/ABC20001020_1830_0308_APF.XML -> cultest/ABC20001020_1830_0308_APF.XML
ace04/ENGLISH/BNEWS/ABC20001020_1830_0308_PP_AG.XML -> cultest/ABC20001020_1830_0308_PP_AG.XML
ace04/ENGLISH/BNEWS/ABC20001022_1830_0361.SGM -> cultest/ABC20001022_1830_0361.SGM
ace04/ENGLISH/BNEWS/ABC20001022_1830_0361_ALF.XML -> cultest/ABC20001022_1830_0361_ALF.XML
ace04/ENGLISH/BNEWS/ABC20001022_1830_0361_APF.XML -> cultest/ABC20001022_1830_0361_APF.XML
ace04/ENGLISH/BNEWS/ABC20001022_1830_0361_PP_AG.XML -> cultest/ABC20001022_1830_0361_PP_AG.XML
ace04/ENGLISH/BNEWS/ABC20001025_1830_0369.SGM -> cultest/ABC20001025_1830_0369.SGM
ace04/ENGLISH/BNEWS/ABC20001025_1830_0369_ALF.XML -> cultest/ABC20001025_1830_0369_ALF.XML
ace04/ENGLISH/BNEWS/ABC20001025_1830_0369_APF.XML -> cultest/ABC20001025_1830_0369_APF.XML
ace04/ENGLISH/BNEWS/ABC20001025_1830_0369_PP_AG.XML -> cultest/ABC20001025_1830_0369_PP_AG.XML
ace04/ENGLISH/BNEWS/ABC20001026_1830_0686.SGM -> cultest/ABC20001026_1830_0686.SGM
ace04/ENGLISH/BNEWS/ABC20001026_1830_0686_ALF.XML -> cultest/ABC20001026_1830_0686_ALF.XML
ace04/ENGLISH/BNEWS/ABC20001026_1830_0686_APF.XML -> cultest/ABC20001026_1830_0686_APF.XML
ace04/ENGLISH/BNEWS/ABC20001026_1830_0686_PP_AG.XML -> cultest/ABC20001026_1830_0686_PP_AG.XML
ace04/ENGLISH/BNEWS/ABC20001031_1830_0941.SGM -> cultest/ABC20001031_1830_0941.SGM
ace04/ENGLISH/BNEWS/ABC20001031_1830_0941_ALF.XML -> cultest/ABC20001031_1830_0941_ALF.XML
ace04/ENGLISH/BNEWS/ABC20001031_1830_0941_APF.XML -> cultest/ABC20001031_1830_0941_APF.XML
ace04/ENGLISH/BNEWS/ABC20001031_1830_0941_PP_AG.XML -> cultest/ABC20001031_1830_0941_PP_AG.XML
ace04/ENGLISH/BNEWS/ABC20001031_1830_1508.SGM -> cultest/ABC20001031_1830_1508.SGM
ace04/ENGLISH/BNEWS/ABC20001031_1830_1508_ALF.XML -> cultest/ABC20001031_1830_1508_ALF.XML
ace04/ENGLISH/BNEWS/ABC20001031_1830_1508_APF.XML -> cultest/ABC20001031_1830_1508_APF.XML
ace04/ENGLISH/BNEWS/ABC20001031_1830_1508_PP_AG.XML -> cultest/ABC20001031_1830_1508_PP_AG.XML
ace04/ENGLISH/BNEWS/ABC20001220_1830_1156.SGM -> cultest/ABC20001220_1830_1156.SGM
ace04/ENGLISH/BNEWS/ABC20001220_1830_1156_ALF.XML -> cultest/ABC20001220_1830_1156_ALF.XML
ace04/ENGLISH/BNEWS/ABC20001220_1830_1156_APF.XML -> cultest/ABC20001220_1830_1156_APF.XML
ace04/ENGLISH/BNEWS/ABC20001220_1830_1156_PP_AG.XML -> cultest/ABC20001220_1830_1156_PP_AG.XML
ace04/ENGLISH/BNEWS/ABC20001222_1830_0035.SGM -> cultest/ABC20001222_1830_0035.SGM
ace04/ENGLISH/BNEWS/ABC20001222_1830_0035_ALF.XML -> cultest/ABC20001222_1830_0035_ALF.XML
ace04/ENGLISH/BNEWS/ABC20001222_1830_0035_APF.XML -> cultest/ABC20001222_1830_0035_APF.XML
ace04/ENGLISH/BNEWS/ABC20001222_1830_0035_PP_AG.XML -> cultest/ABC20001222_1830_0035_PP_AG.XML
ace04/ENGLISH/BNEWS/ABC20001222_1830_0195.SGM -> cultest/ABC20001222_1830_0195.SGM
ace04/ENGLISH/BNEWS/ABC20001222_1830_0195_ALF.XML -> cultest/ABC20001222_1830_0195_ALF.XML
ace04/ENGLISH/BNEWS/ABC20001222_1830_0195_APF.XML -> cultest/ABC20001222_1830_0195_APF.XML
ace04/ENGLISH/BNEWS/ABC20001222_1830_0195_PP_AG.XML -> cultest/ABC20001222_1830_0195_PP_AG.XML
ace04/ENGLISH/NWIRE/APW20001110_1844_0453.SGM -> cultest/APW20001110_1844_0453.SGM
ace04/ENGLISH/NWIRE/APW20001110_1844_0453_ALF.XML -> cultest/APW20001110_1844_0453_ALF.XML
ace04/ENGLISH/NWIRE/APW20001110_1844_0453_APF.XML -> cultest/APW20001110_1844_0453_APF.XML
ace04/ENGLISH/NWIRE/APW20001110_1844_0453_PP_AG.XML -> cultest/APW20001110_1844_0453_PP_AG.XML
ace04/ENGLISH/NWIRE/APW20001112_0900_0305.SGM -> cultest/APW20001112_0900_0305.SGM
ace04/ENGLISH/NWIRE/APW20001112_0900_0305_ALF.XML -> cultest/APW20001112_0900_0305_ALF.XML
ace04/ENGLISH/NWIRE/APW20001112_0900_0305_APF.XML -> cultest/APW20001112_0900_0305_APF.XML
ace04/ENGLISH/NWIRE/APW20001112_0900_0305_PP_AG.XML -> cultest/APW20001112_0900_0305_PP_AG.XML
ace04/ENGLISH/NWIRE/APW20001113_1815_0535.SGM -> cultest/APW20001113_1815_0535.SGM
ace04/ENGLISH/NWIRE/APW20001113_1815_0535_ALF.XML -> cultest/APW20001113_1815_0535_ALF.XML
ace04/ENGLISH/NWIRE/APW20001113_1815_0535_APF.XML -> cultest/APW20001113_1815_0535_APF.XML
ace04/ENGLISH/NWIRE/APW20001113_1815_0535_PP_AG.XML -> cultest/APW20001113_1815_0535_PP_AG.XML
ace04/ENGLISH/NWIRE/APW20001113_2122_0704.SGM -> cultest/APW20001113_2122_0704.SGM
ace04/ENGLISH/NWIRE/APW20001113_2122_0704_ALF.XML -> cultest/APW20001113_2122_0704_ALF.XML
ace04/ENGLISH/NWIRE/APW20001113_2122_0704_APF.XML -> cultest/APW20001113_2122_0704_APF.XML
ace04/ENGLISH/NWIRE/APW20001113_2122_0704_PP_AG.XML -> cultest/APW20001113_2122_0704_PP_AG.XML
ace04/ENGLISH/NWIRE/APW20001118_1953_0586.SGM -> cultest/APW20001118_1953_0586.SGM
ace04/ENGLISH/NWIRE/APW20001118_1953_0586_ALF.XML -> cultest/APW20001118_1953_0586_ALF.XML
ace04/ENGLISH/NWIRE/APW20001118_1953_0586_APF.XML -> cultest/APW20001118_1953_0586_APF.XML
ace04/ENGLISH/NWIRE/APW20001118_1953_0586_PP_AG.XML -> cultest/APW20001118_1953_0586_PP_AG.XML
ace04/ENGLISH/NWIRE/APW20001118_1953_0594.SGM -> cultest/APW20001118_1953_0594.SGM
ace04/ENGLISH/NWIRE/APW20001118_1953_0594_ALF.XML -> cultest/APW20001118_1953_0594_ALF.XML
ace04/ENGLISH/NWIRE/APW20001118_1953_0594_APF.XML -> cultest/APW20001118_1953_0594_APF.XML
ace04/ENGLISH/NWIRE/APW20001118_1953_0594_PP_AG.XML -> cultest/APW20001118_1953_0594_PP_AG.XML
ace04/ENGLISH/NWIRE/APW20001124_1445_0280.SGM -> cultest/APW20001124_1445_0280.SGM
ace04/ENGLISH/NWIRE/APW20001124_1445_0280_ALF.XML -> cultest/APW20001124_1445_0280_ALF.XML
ace04/ENGLISH/NWIRE/APW20001124_1445_0280_APF.XML -> cultest/APW20001124_1445_0280_APF.XML
ace04/ENGLISH/NWIRE/APW20001124_1445_0280_PP_AG.XML -> cultest/APW20001124_1445_0280_PP_AG.XML
ace04/ENGLISH/NWIRE/APW20001124_1811_0405.SGM -> cultest/APW20001124_1811_0405.SGM
ace04/ENGLISH/NWIRE/APW20001124_1811_0405_ALF.XML -> cultest/APW20001124_1811_0405_ALF.XML
ace04/ENGLISH/NWIRE/APW20001124_1811_0405_APF.XML -> cultest/APW20001124_1811_0405_APF.XML
ace04/ENGLISH/NWIRE/APW20001124_1811_0405_PP_AG.XML -> cultest/APW20001124_1811_0405_PP_AG.XML
ace04/ENGLISH/CHINESE_TREEBANK/CHTB_110_ENG.SGM -> cultest/CHTB_110_ENG.SGM
ace04/ENGLISH/CHINESE_TREEBANK/CHTB_110_ENG_ALF.XML -> cultest/CHTB_110_ENG_ALF.XML
ace04/ENGLISH/CHINESE_TREEBANK/CHTB_110_ENG_APF.XML -> cultest/CHTB_110_ENG_APF.XML
ace04/ENGLISH/CHINESE_TREEBANK/CHTB_110_ENG_PP_AG.XML -> cultest/CHTB_110_ENG_PP_AG.XML
ace04/ENGLISH/CHINESE_TREEBANK/CHTB_111_ENG.SGM -> cultest/CHTB_111_ENG.SGM
ace04/ENGLISH/CHINESE_TREEBANK/CHTB_111_ENG_ALF.XML -> cultest/CHTB_111_ENG_ALF.XML
ace04/ENGLISH/CHINESE_TREEBANK/CHTB_111_ENG_APF.XML -> cultest/CHTB_111_ENG_APF.XML
ace04/ENGLISH/CHINESE_TREEBANK/CHTB_111_ENG_PP_AG.XML -> cultest/CHTB_111_ENG_PP_AG.XML
ace04/ENGLISH/CHINESE_TREEBANK/CHTB_116_ENG.SGM -> cultest/CHTB_116_ENG.SGM
ace04/ENGLISH/CHINESE_TREEBANK/CHTB_116_ENG_ALF.XML -> cultest/CHTB_116_ENG_ALF.XML
ace04/ENGLISH/CHINESE_TREEBANK/CHTB_116_ENG_APF.XML -> cultest/CHTB_116_ENG_APF.XML
ace04/ENGLISH/CHINESE_TREEBANK/CHTB_116_ENG_PP_AG.XML -> cultest/CHTB_116_ENG_PP_AG.XML
ace04/ENGLISH/BNEWS/CNN20001003_1400_0626.SGM -> cultest/CNN20001003_1400_0626.SGM
ace04/ENGLISH/BNEWS/CNN20001003_1400_0626_ALF.XML -> cultest/CNN20001003_1400_0626_ALF.XML
ace04/ENGLISH/BNEWS/CNN20001003_1400_0626_APF.XML -> cultest/CNN20001003_1400_0626_APF.XML
ace04/ENGLISH/BNEWS/CNN20001003_1400_0626_PP_AG.XML -> cultest/CNN20001003_1400_0626_PP_AG.XML
ace04/ENGLISH/BNEWS/CNN20001003_2000_0296.SGM -> cultest/CNN20001003_2000_0296.SGM
ace04/ENGLISH/BNEWS/CNN20001003_2000_0296_ALF.XML -> cultest/CNN20001003_2000_0296_ALF.XML
ace04/ENGLISH/BNEWS/CNN20001003_2000_0296_APF.XML -> cultest/CNN20001003_2000_0296_APF.XML
ace04/ENGLISH/BNEWS/CNN20001003_2000_0296_PP_AG.XML -> cultest/CNN20001003_2000_0296_PP_AG.XML
ace04/ENGLISH/BNEWS/CNN20001004_1400_0207.SGM -> cultest/CNN20001004_1400_0207.SGM
ace04/ENGLISH/BNEWS/CNN20001004_1400_0207_ALF.XML -> cultest/CNN20001004_1400_0207_ALF.XML
ace04/ENGLISH/BNEWS/CNN20001004_1400_0207_APF.XML -> cultest/CNN20001004_1400_0207_APF.XML
ace04/ENGLISH/BNEWS/CNN20001004_1400_0207_PP_AG.XML -> cultest/CNN20001004_1400_0207_PP_AG.XML
ace04/ENGLISH/BNEWS/CNN20001005_1400_1459.SGM -> cultest/CNN20001005_1400_1459.SGM
ace04/ENGLISH/BNEWS/CNN20001005_1400_1459_ALF.XML -> cultest/CNN20001005_1400_1459_ALF.XML
ace04/ENGLISH/BNEWS/CNN20001005_1400_1459_APF.XML -> cultest/CNN20001005_1400_1459_APF.XML
ace04/ENGLISH/BNEWS/CNN20001005_1400_1459_PP_AG.XML -> cultest/CNN20001005_1400_1459_PP_AG.XML
ace04/ENGLISH/BNEWS/CNN20001006_1400_1224.SGM -> cultest/CNN20001006_1400_1224.SGM
ace04/ENGLISH/BNEWS/CNN20001006_1400_1224_ALF.XML -> cultest/CNN20001006_1400_1224_ALF.XML
ace04/ENGLISH/BNEWS/CNN20001006_1400_1224_APF.XML -> cultest/CNN20001006_1400_1224_APF.XML
ace04/ENGLISH/BNEWS/CNN20001006_1400_1224_PP_AG.XML -> cultest/CNN20001006_1400_1224_PP_AG.XML
ace04/ENGLISH/BNEWS/CNN20001007_1400_0327.SGM -> cultest/CNN20001007_1400_0327.SGM
ace04/ENGLISH/BNEWS/CNN20001007_1400_0327_ALF.XML -> cultest/CNN20001007_1400_0327_ALF.XML
ace04/ENGLISH/BNEWS/CNN20001007_1400_0327_APF.XML -> cultest/CNN20001007_1400_0327_APF.XML
ace04/ENGLISH/BNEWS/CNN20001007_1400_0327_PP_AG.XML -> cultest/CNN20001007_1400_0327_PP_AG.XML
ace04/ENGLISH/BNEWS/CNN20001007_1400_1582.SGM -> cultest/CNN20001007_1400_1582.SGM
ace04/ENGLISH/BNEWS/CNN20001007_1400_1582_ALF.XML -> cultest/CNN20001007_1400_1582_ALF.XML
ace04/ENGLISH/BNEWS/CNN20001007_1400_1582_APF.XML -> cultest/CNN20001007_1400_1582_APF.XML
ace04/ENGLISH/BNEWS/CNN20001007_1400_1582_PP_AG.XML -> cultest/CNN20001007_1400_1582_PP_AG.XML
ace04/ENGLISH/BNEWS/CNN20001008_1400_1441.SGM -> cultest/CNN20001008_1400_1441.SGM
ace04/ENGLISH/BNEWS/CNN20001008_1400_1441_ALF.XML -> cultest/CNN20001008_1400_1441_ALF.XML
ace04/ENGLISH/BNEWS/CNN20001008_1400_1441_APF.XML -> cultest/CNN20001008_1400_1441_APF.XML
ace04/ENGLISH/BNEWS/CNN20001008_1400_1441_PP_AG.XML -> cultest/CNN20001008_1400_1441_PP_AG.XML
ace04/ENGLISH/BNEWS/CNN20001009_1400_0403.SGM -> cultest/CNN20001009_1400_0403.SGM
ace04/ENGLISH/BNEWS/CNN20001009_1400_0403_ALF.XML -> cultest/CNN20001009_1400_0403_ALF.XML
ace04/ENGLISH/BNEWS/CNN20001009_1400_0403_APF.XML -> cultest/CNN20001009_1400_0403_APF.XML
ace04/ENGLISH/BNEWS/CNN20001009_1400_0403_PP_AG.XML -> cultest/CNN20001009_1400_0403_PP_AG.XML
ace04/ENGLISH/BNEWS/CNN20001010_1400_0358.SGM -> cultest/CNN20001010_1400_0358.SGM
ace04/ENGLISH/BNEWS/CNN20001010_1400_0358_ALF.XML -> cultest/CNN20001010_1400_0358_ALF.XML
ace04/ENGLISH/BNEWS/CNN20001010_1400_0358_APF.XML -> cultest/CNN20001010_1400_0358_APF.XML
ace04/ENGLISH/BNEWS/CNN20001010_1400_0358_PP_AG.XML -> cultest/CNN20001010_1400_0358_PP_AG.XML
ace04/ENGLISH/BNEWS/CNN20001010_1400_0981.SGM -> cultest/CNN20001010_1400_0981.SGM
ace04/ENGLISH/BNEWS/CNN20001010_1400_0981_ALF.XML -> cultest/CNN20001010_1400_0981_ALF.XML
ace04/ENGLISH/BNEWS/CNN20001010_1400_0981_APF.XML -> cultest/CNN20001010_1400_0981_APF.XML
ace04/ENGLISH/BNEWS/CNN20001010_1400_0981_PP_AG.XML -> cultest/CNN20001010_1400_0981_PP_AG.XML
ace04/ENGLISH/BNEWS/CNN20001010_1400_1505.SGM -> cultest/CNN20001010_1400_1505.SGM
ace04/ENGLISH/BNEWS/CNN20001010_1400_1505_ALF.XML -> cultest/CNN20001010_1400_1505_ALF.XML
ace04/ENGLISH/BNEWS/CNN20001010_1400_1505_APF.XML -> cultest/CNN20001010_1400_1505_APF.XML
ace04/ENGLISH/BNEWS/CNN20001010_1400_1505_PP_AG.XML -> cultest/CNN20001010_1400_1505_PP_AG.XML
ace04/ENGLISH/BNEWS/CNN20001012_1400_1027.SGM -> cultest/CNN20001012_1400_1027.SGM
ace04/ENGLISH/BNEWS/CNN20001012_1400_1027_ALF.XML -> cultest/CNN20001012_1400_1027_ALF.XML
ace04/ENGLISH/BNEWS/CNN20001012_1400_1027_APF.XML -> cultest/CNN20001012_1400_1027_APF.XML
ace04/ENGLISH/BNEWS/CNN20001012_1400_1027_PP_AG.XML -> cultest/CNN20001012_1400_1027_PP_AG.XML
ace04/ENGLISH/BNEWS/CNN20001012_1400_1458.SGM -> cultest/CNN20001012_1400_1458.SGM
ace04/ENGLISH/BNEWS/CNN20001012_1400_1458_ALF.XML -> cultest/CNN20001012_1400_1458_ALF.XML
ace04/ENGLISH/BNEWS/CNN20001012_1400_1458_APF.XML -> cultest/CNN20001012_1400_1458_APF.XML
ace04/ENGLISH/BNEWS/CNN20001012_1400_1458_PP_AG.XML -> cultest/CNN20001012_1400_1458_PP_AG.XML
ace04/ENGLISH/BNEWS/CNN20001014_1400_0553.SGM -> cultest/CNN20001014_1400_0553.SGM
ace04/ENGLISH/BNEWS/CNN20001014_1400_0553_ALF.XML -> cultest/CNN20001014_1400_0553_ALF.XML
ace04/ENGLISH/BNEWS/CNN20001014_1400_0553_APF.XML -> cultest/CNN20001014_1400_0553_APF.XML
ace04/ENGLISH/BNEWS/CNN20001014_1400_0553_PP_AG.XML -> cultest/CNN20001014_1400_0553_PP_AG.XML
ace04/ENGLISH/BNEWS/CNN20001015_0900_0352.SGM -> cultest/CNN20001015_0900_0352.SGM
ace04/ENGLISH/BNEWS/CNN20001015_0900_0352_ALF.XML -> cultest/CNN20001015_0900_0352_ALF.XML
ace04/ENGLISH/BNEWS/CNN20001015_0900_0352_APF.XML -> cultest/CNN20001015_0900_0352_APF.XML
ace04/ENGLISH/BNEWS/CNN20001015_0900_0352_PP_AG.XML -> cultest/CNN20001015_0900_0352_PP_AG.XML
ace04/ENGLISH/BNEWS/CNN20001015_1400_0015.SGM -> cultest/CNN20001015_1400_0015.SGM
ace04/ENGLISH/BNEWS/CNN20001015_1400_0015_ALF.XML -> cultest/CNN20001015_1400_0015_ALF.XML
ace04/ENGLISH/BNEWS/CNN20001015_1400_0015_APF.XML -> cultest/CNN20001015_1400_0015_APF.XML
ace04/ENGLISH/BNEWS/CNN20001015_1400_0015_PP_AG.XML -> cultest/CNN20001015_1400_0015_PP_AG.XML
ace04/ENGLISH/BNEWS/CNN20001020_1400_0653.SGM -> cultest/CNN20001020_1400_0653.SGM
ace04/ENGLISH/BNEWS/CNN20001020_1400_0653_ALF.XML -> cultest/CNN20001020_1400_0653_ALF.XML
ace04/ENGLISH/BNEWS/CNN20001020_1400_0653_APF.XML -> cultest/CNN20001020_1400_0653_APF.XML
ace04/ENGLISH/BNEWS/CNN20001020_1400_0653_PP_AG.XML -> cultest/CNN20001020_1400_0653_PP_AG.XML
ace04/ENGLISH/BNEWS/CNN20001021_1400_0014.SGM -> cultest/CNN20001021_1400_0014.SGM
ace04/ENGLISH/BNEWS/CNN20001021_1400_0014_ALF.XML -> cultest/CNN20001021_1400_0014_ALF.XML
ace04/ENGLISH/BNEWS/CNN20001021_1400_0014_APF.XML -> cultest/CNN20001021_1400_0014_APF.XML
ace04/ENGLISH/BNEWS/CNN20001021_1400_0014_PP_AG.XML -> cultest/CNN20001021_1400_0014_PP_AG.XML
ace04/ENGLISH/BNEWS/CNN20001021_1400_0342.SGM -> cultest/CNN20001021_1400_0342.SGM
ace04/ENGLISH/BNEWS/CNN20001021_1400_0342_ALF.XML -> cultest/CNN20001021_1400_0342_ALF.XML
ace04/ENGLISH/BNEWS/CNN20001021_1400_0342_APF.XML -> cultest/CNN20001021_1400_0342_APF.XML
ace04/ENGLISH/BNEWS/CNN20001021_1400_0342_PP_AG.XML -> cultest/CNN20001021_1400_0342_PP_AG.XML
ace04/ENGLISH/BNEWS/CNN20001024_1400_0192.SGM -> cultest/CNN20001024_1400_0192.SGM
ace04/ENGLISH/BNEWS/CNN20001024_1400_0192_ALF.XML -> cultest/CNN20001024_1400_0192_ALF.XML
ace04/ENGLISH/BNEWS/CNN20001024_1400_0192_APF.XML -> cultest/CNN20001024_1400_0192_APF.XML
ace04/ENGLISH/BNEWS/CNN20001024_1400_0192_PP_AG.XML -> cultest/CNN20001024_1400_0192_PP_AG.XML
ace04/ENGLISH/BNEWS/CNN20001024_1400_0241.SGM -> cultest/CNN20001024_1400_0241.SGM
ace04/ENGLISH/BNEWS/CNN20001024_1400_0241_ALF.XML -> cultest/CNN20001024_1400_0241_ALF.XML
ace04/ENGLISH/BNEWS/CNN20001024_1400_0241_APF.XML -> cultest/CNN20001024_1400_0241_APF.XML
ace04/ENGLISH/BNEWS/CNN20001024_1400_0241_PP_AG.XML -> cultest/CNN20001024_1400_0241_PP_AG.XML
ace04/ENGLISH/BNEWS/CNN20001024_1400_1530.SGM -> cultest/CNN20001024_1400_1530.SGM
ace04/ENGLISH/BNEWS/CNN20001024_1400_1530_ALF.XML -> cultest/CNN20001024_1400_1530_ALF.XML
ace04/ENGLISH/BNEWS/CNN20001024_1400_1530_APF.XML -> cultest/CNN20001024_1400_1530_APF.XML
ace04/ENGLISH/BNEWS/CNN20001024_1400_1530_PP_AG.XML -> cultest/CNN20001024_1400_1530_PP_AG.XML
ace04/ENGLISH/BNEWS/CNN20001025_0900_0149.SGM -> cultest/CNN20001025_0900_0149.SGM
ace04/ENGLISH/BNEWS/CNN20001025_0900_0149_ALF.XML -> cultest/CNN20001025_0900_0149_ALF.XML
ace04/ENGLISH/BNEWS/CNN20001025_0900_0149_APF.XML -> cultest/CNN20001025_0900_0149_APF.XML
ace04/ENGLISH/BNEWS/CNN20001025_0900_0149_PP_AG.XML -> cultest/CNN20001025_0900_0149_PP_AG.XML
ace04/ENGLISH/BNEWS/CNN20001027_1400_0436.SGM -> cultest/CNN20001027_1400_0436.SGM
ace04/ENGLISH/BNEWS/CNN20001027_1400_0436_ALF.XML -> cultest/CNN20001027_1400_0436_ALF.XML
ace04/ENGLISH/BNEWS/CNN20001027_1400_0436_APF.XML -> cultest/CNN20001027_1400_0436_APF.XML
ace04/ENGLISH/BNEWS/CNN20001027_1400_0436_PP_AG.XML -> cultest/CNN20001027_1400_0436_PP_AG.XML
ace04/ENGLISH/BNEWS/CNN20001028_1400_1597.SGM -> cultest/CNN20001028_1400_1597.SGM
ace04/ENGLISH/BNEWS/CNN20001028_1400_1597_ALF.XML -> cultest/CNN20001028_1400_1597_ALF.XML
ace04/ENGLISH/BNEWS/CNN20001028_1400_1597_APF.XML -> cultest/CNN20001028_1400_1597_APF.XML
ace04/ENGLISH/BNEWS/CNN20001028_1400_1597_PP_AG.XML -> cultest/CNN20001028_1400_1597_PP_AG.XML
ace04/ENGLISH/BNEWS/CNN20001031_1400_0556.SGM -> cultest/CNN20001031_1400_0556.SGM
ace04/ENGLISH/BNEWS/CNN20001031_1400_0556_ALF.XML -> cultest/CNN20001031_1400_0556_ALF.XML
ace04/ENGLISH/BNEWS/CNN20001031_1400_0556_APF.XML -> cultest/CNN20001031_1400_0556_APF.XML
ace04/ENGLISH/BNEWS/CNN20001031_1400_0556_PP_AG.XML -> cultest/CNN20001031_1400_0556_PP_AG.XML
ace04/ENGLISH/BNEWS/CNN20001102_1400_0965.SGM -> cultest/CNN20001102_1400_0965.SGM
ace04/ENGLISH/BNEWS/CNN20001102_1400_0965_ALF.XML -> cultest/CNN20001102_1400_0965_ALF.XML
ace04/ENGLISH/BNEWS/CNN20001102_1400_0965_APF.XML -> cultest/CNN20001102_1400_0965_APF.XML
ace04/ENGLISH/BNEWS/CNN20001102_1400_0965_PP_AG.XML -> cultest/CNN20001102_1400_0965_PP_AG.XML
ace04/ENGLISH/BNEWS/CNN20001102_1400_1483.SGM -> cultest/CNN20001102_1400_1483.SGM
ace04/ENGLISH/BNEWS/CNN20001102_1400_1483_ALF.XML -> cultest/CNN20001102_1400_1483_ALF.XML
ace04/ENGLISH/BNEWS/CNN20001102_1400_1483_APF.XML -> cultest/CNN20001102_1400_1483_APF.XML
ace04/ENGLISH/BNEWS/CNN20001102_1400_1483_PP_AG.XML -> cultest/CNN20001102_1400_1483_PP_AG.XML
ace04/ENGLISH/BNEWS/CNN20001103_1400_0089.SGM -> cultest/CNN20001103_1400_0089.SGM
ace04/ENGLISH/BNEWS/CNN20001103_1400_0089_ALF.XML -> cultest/CNN20001103_1400_0089_ALF.XML
ace04/ENGLISH/BNEWS/CNN20001103_1400_0089_APF.XML -> cultest/CNN20001103_1400_0089_APF.XML
ace04/ENGLISH/BNEWS/CNN20001103_1400_0089_PP_AG.XML -> cultest/CNN20001103_1400_0089_PP_AG.XML
ace04/ENGLISH/BNEWS/CNN20001103_1400_0554.SGM -> cultest/CNN20001103_1400_0554.SGM
ace04/ENGLISH/BNEWS/CNN20001103_1400_0554_ALF.XML -> cultest/CNN20001103_1400_0554_ALF.XML
ace04/ENGLISH/BNEWS/CNN20001103_1400_0554_APF.XML -> cultest/CNN20001103_1400_0554_APF.XML
ace04/ENGLISH/BNEWS/CNN20001103_1400_0554_PP_AG.XML -> cultest/CNN20001103_1400_0554_PP_AG.XML
ace04/ENGLISH/BNEWS/CNN20001104_0900_0883.SGM -> cultest/CNN20001104_0900_0883.SGM
ace04/ENGLISH/BNEWS/CNN20001104_0900_0883_ALF.XML -> cultest/CNN20001104_0900_0883_ALF.XML
ace04/ENGLISH/BNEWS/CNN20001104_0900_0883_APF.XML -> cultest/CNN20001104_0900_0883_APF.XML
ace04/ENGLISH/BNEWS/CNN20001104_0900_0883_PP_AG.XML -> cultest/CNN20001104_0900_0883_PP_AG.XML
ace04/ENGLISH/BNEWS/CNN20001105_1400_1149.SGM -> cultest/CNN20001105_1400_1149.SGM
ace04/ENGLISH/BNEWS/CNN20001105_1400_1149_ALF.XML -> cultest/CNN20001105_1400_1149_ALF.XML
ace04/ENGLISH/BNEWS/CNN20001105_1400_1149_APF.XML -> cultest/CNN20001105_1400_1149_APF.XML
ace04/ENGLISH/BNEWS/CNN20001105_1400_1149_PP_AG.XML -> cultest/CNN20001105_1400_1149_PP_AG.XML
ace04/ENGLISH/BNEWS/CNN20001107_0900_0942.SGM -> cultest/CNN20001107_0900_0942.SGM
ace04/ENGLISH/BNEWS/CNN20001107_0900_0942_ALF.XML -> cultest/CNN20001107_0900_0942_ALF.XML
ace04/ENGLISH/BNEWS/CNN20001107_0900_0942_APF.XML -> cultest/CNN20001107_0900_0942_APF.XML
ace04/ENGLISH/BNEWS/CNN20001107_0900_0942_PP_AG.XML -> cultest/CNN20001107_0900_0942_PP_AG.XML
ace04/ENGLISH/BNEWS/CNN20001122_1400_0903.SGM -> cultest/CNN20001122_1400_0903.SGM
ace04/ENGLISH/BNEWS/CNN20001122_1400_0903_ALF.XML -> cultest/CNN20001122_1400_0903_ALF.XML
ace04/ENGLISH/BNEWS/CNN20001122_1400_0903_APF.XML -> cultest/CNN20001122_1400_0903_APF.XML
ace04/ENGLISH/BNEWS/CNN20001122_1400_0903_PP_AG.XML -> cultest/CNN20001122_1400_0903_PP_AG.XML
ace04/ENGLISH/BNEWS/CNN20001123_1400_0186.SGM -> cultest/CNN20001123_1400_0186.SGM
ace04/ENGLISH/BNEWS/CNN20001123_1400_0186_ALF.XML -> cultest/CNN20001123_1400_0186_ALF.XML
ace04/ENGLISH/BNEWS/CNN20001123_1400_0186_APF.XML -> cultest/CNN20001123_1400_0186_APF.XML
ace04/ENGLISH/BNEWS/CNN20001123_1400_0186_PP_AG.XML -> cultest/CNN20001123_1400_0186_PP_AG.XML
ace04/ENGLISH/BNEWS/CNN20001125_1400_0193.SGM -> cultest/CNN20001125_1400_0193.SGM
ace04/ENGLISH/BNEWS/CNN20001125_1400_0193_ALF.XML -> cultest/CNN20001125_1400_0193_ALF.XML
ace04/ENGLISH/BNEWS/CNN20001125_1400_0193_APF.XML -> cultest/CNN20001125_1400_0193_APF.XML
ace04/ENGLISH/BNEWS/CNN20001125_1400_0193_PP_AG.XML -> cultest/CNN20001125_1400_0193_PP_AG.XML
ace04/ENGLISH/BNEWS/CNN20001126_1400_0557.SGM -> cultest/CNN20001126_1400_0557.SGM
ace04/ENGLISH/BNEWS/CNN20001126_1400_0557_ALF.XML -> cultest/CNN20001126_1400_0557_ALF.XML
ace04/ENGLISH/BNEWS/CNN20001126_1400_0557_APF.XML -> cultest/CNN20001126_1400_0557_APF.XML
ace04/ENGLISH/BNEWS/CNN20001126_1400_0557_PP_AG.XML -> cultest/CNN20001126_1400_0557_PP_AG.XML
ace04/ENGLISH/BNEWS/CNN20001127_1400_0637.SGM -> cultest/CNN20001127_1400_0637.SGM
ace04/ENGLISH/BNEWS/CNN20001127_1400_0637_ALF.XML -> cultest/CNN20001127_1400_0637_ALF.XML
ace04/ENGLISH/BNEWS/CNN20001127_1400_0637_APF.XML -> cultest/CNN20001127_1400_0637_APF.XML
ace04/ENGLISH/BNEWS/CNN20001127_1400_0637_PP_AG.XML -> cultest/CNN20001127_1400_0637_PP_AG.XML
ace04/ENGLISH/BNEWS/CNN20001129_1400_0017.SGM -> cultest/CNN20001129_1400_0017.SGM
ace04/ENGLISH/BNEWS/CNN20001129_1400_0017_ALF.XML -> cultest/CNN20001129_1400_0017_ALF.XML
ace04/ENGLISH/BNEWS/CNN20001129_1400_0017_APF.XML -> cultest/CNN20001129_1400_0017_APF.XML
ace04/ENGLISH/BNEWS/CNN20001129_1400_0017_PP_AG.XML -> cultest/CNN20001129_1400_0017_PP_AG.XML
ace04/ENGLISH/BNEWS/CNN20001129_1400_0235.SGM -> cultest/CNN20001129_1400_0235.SGM
ace04/ENGLISH/BNEWS/CNN20001129_1400_0235_ALF.XML -> cultest/CNN20001129_1400_0235_ALF.XML
ace04/ENGLISH/BNEWS/CNN20001129_1400_0235_APF.XML -> cultest/CNN20001129_1400_0235_APF.XML
ace04/ENGLISH/BNEWS/CNN20001129_1400_0235_PP_AG.XML -> cultest/CNN20001129_1400_0235_PP_AG.XML
ace04/ENGLISH/BNEWS/MNB20001113_2100_2801.SGM -> cultest/MNB20001113_2100_2801.SGM
ace04/ENGLISH/BNEWS/MNB20001113_2100_2801_ALF.XML -> cultest/MNB20001113_2100_2801_ALF.XML
ace04/ENGLISH/BNEWS/MNB20001113_2100_2801_APF.XML -> cultest/MNB20001113_2100_2801_APF.XML
ace04/ENGLISH/BNEWS/MNB20001113_2100_2801_PP_AG.XML -> cultest/MNB20001113_2100_2801_PP_AG.XML
ace04/ENGLISH/BNEWS/MNB20001113_2100_3195.SGM -> cultest/MNB20001113_2100_3195.SGM
ace04/ENGLISH/BNEWS/MNB20001113_2100_3195_ALF.XML -> cultest/MNB20001113_2100_3195_ALF.XML
ace04/ENGLISH/BNEWS/MNB20001113_2100_3195_APF.XML -> cultest/MNB20001113_2100_3195_APF.XML
ace04/ENGLISH/BNEWS/MNB20001113_2100_3195_PP_AG.XML -> cultest/MNB20001113_2100_3195_PP_AG.XML
ace04/ENGLISH/BNEWS/MNB20001115_2100_0662.SGM -> cultest/MNB20001115_2100_0662.SGM
ace04/ENGLISH/BNEWS/MNB20001115_2100_0662_ALF.XML -> cultest/MNB20001115_2100_0662_ALF.XML
ace04/ENGLISH/BNEWS/MNB20001115_2100_0662_APF.XML -> cultest/MNB20001115_2100_0662_APF.XML
ace04/ENGLISH/BNEWS/MNB20001115_2100_0662_PP_AG.XML -> cultest/MNB20001115_2100_0662_PP_AG.XML
ace04/ENGLISH/BNEWS/NBC20001108_1830_1195.SGM -> cultest/NBC20001108_1830_1195.SGM
ace04/ENGLISH/BNEWS/NBC20001108_1830_1195_ALF.XML -> cultest/NBC20001108_1830_1195_ALF.XML
ace04/ENGLISH/BNEWS/NBC20001108_1830_1195_APF.XML -> cultest/NBC20001108_1830_1195_APF.XML
ace04/ENGLISH/BNEWS/NBC20001108_1830_1195_PP_AG.XML -> cultest/NBC20001108_1830_1195_PP_AG.XML
ace04/ENGLISH/BNEWS/NBC20001110_1830_0191.SGM -> cultest/NBC20001110_1830_0191.SGM
ace04/ENGLISH/BNEWS/NBC20001110_1830_0191_ALF.XML -> cultest/NBC20001110_1830_0191_ALF.XML
ace04/ENGLISH/BNEWS/NBC20001110_1830_0191_APF.XML -> cultest/NBC20001110_1830_0191_APF.XML
ace04/ENGLISH/BNEWS/NBC20001110_1830_0191_PP_AG.XML -> cultest/NBC20001110_1830_0191_PP_AG.XML
ace04/ENGLISH/BNEWS/NBC20001110_1830_1273.SGM -> cultest/NBC20001110_1830_1273.SGM
ace04/ENGLISH/BNEWS/NBC20001110_1830_1273_ALF.XML -> cultest/NBC20001110_1830_1273_ALF.XML
ace04/ENGLISH/BNEWS/NBC20001110_1830_1273_APF.XML -> cultest/NBC20001110_1830_1273_APF.XML
ace04/ENGLISH/BNEWS/NBC20001110_1830_1273_PP_AG.XML -> cultest/NBC20001110_1830_1273_PP_AG.XML
ace04/ENGLISH/BNEWS/NBC20001112_1830_0666.SGM -> cultest/NBC20001112_1830_0666.SGM
ace04/ENGLISH/BNEWS/NBC20001112_1830_0666_ALF.XML -> cultest/NBC20001112_1830_0666_ALF.XML
ace04/ENGLISH/BNEWS/NBC20001112_1830_0666_APF.XML -> cultest/NBC20001112_1830_0666_APF.XML
ace04/ENGLISH/BNEWS/NBC20001112_1830_0666_PP_AG.XML -> cultest/NBC20001112_1830_0666_PP_AG.XML
ace04/ENGLISH/BNEWS/NBC20001123_1830_0323.SGM -> cultest/NBC20001123_1830_0323.SGM
ace04/ENGLISH/BNEWS/NBC20001123_1830_0323_ALF.XML -> cultest/NBC20001123_1830_0323_ALF.XML
ace04/ENGLISH/BNEWS/NBC20001123_1830_0323_APF.XML -> cultest/NBC20001123_1830_0323_APF.XML
ace04/ENGLISH/BNEWS/NBC20001123_1830_0323_PP_AG.XML -> cultest/NBC20001123_1830_0323_PP_AG.XML
ace04/ENGLISH/BNEWS/NBC20001125_1830_0911.SGM -> cultest/NBC20001125_1830_0911.SGM
ace04/ENGLISH/BNEWS/NBC20001125_1830_0911_ALF.XML -> cultest/NBC20001125_1830_0911_ALF.XML
ace04/ENGLISH/BNEWS/NBC20001125_1830_0911_APF.XML -> cultest/NBC20001125_1830_0911_APF.XML
ace04/ENGLISH/BNEWS/NBC20001125_1830_0911_PP_AG.XML -> cultest/NBC20001125_1830_0911_PP_AG.XML
ace04/ENGLISH/NWIRE/NYT20001111_1033_0046.SGM -> cultest/NYT20001111_1033_0046.SGM
ace04/ENGLISH/NWIRE/NYT20001111_1033_0046_ALF.XML -> cultest/NYT20001111_1033_0046_ALF.XML
ace04/ENGLISH/NWIRE/NYT20001111_1033_0046_APF.XML -> cultest/NYT20001111_1033_0046_APF.XML
ace04/ENGLISH/NWIRE/NYT20001111_1033_0046_PP_AG.XML -> cultest/NYT20001111_1033_0046_PP_AG.XML
ace04/ENGLISH/NWIRE/NYT20001111_1247_0093.SGM -> cultest/NYT20001111_1247_0093.SGM
ace04/ENGLISH/NWIRE/NYT20001111_1247_0093_ALF.XML -> cultest/NYT20001111_1247_0093_ALF.XML
ace04/ENGLISH/NWIRE/NYT20001111_1247_0093_APF.XML -> cultest/NYT20001111_1247_0093_APF.XML
ace04/ENGLISH/NWIRE/NYT20001111_1247_0093_PP_AG.XML -> cultest/NYT20001111_1247_0093_PP_AG.XML
ace04/ENGLISH/NWIRE/NYT20001114_0210_0200.SGM -> cultest/NYT20001114_0210_0200.SGM
ace04/ENGLISH/NWIRE/NYT20001114_0210_0200_ALF.XML -> cultest/NYT20001114_0210_0200_ALF.XML
ace04/ENGLISH/NWIRE/NYT20001114_0210_0200_APF.XML -> cultest/NYT20001114_0210_0200_APF.XML
ace04/ENGLISH/NWIRE/NYT20001114_0210_0200_PP_AG.XML -> cultest/NYT20001114_0210_0200_PP_AG.XML
ace04/ENGLISH/NWIRE/NYT20001115_2157_0439.SGM -> cultest/NYT20001115_2157_0439.SGM
ace04/ENGLISH/NWIRE/NYT20001115_2157_0439_ALF.XML -> cultest/NYT20001115_2157_0439_ALF.XML
ace04/ENGLISH/NWIRE/NYT20001115_2157_0439_APF.XML -> cultest/NYT20001115_2157_0439_APF.XML
ace04/ENGLISH/NWIRE/NYT20001115_2157_0439_PP_AG.XML -> cultest/NYT20001115_2157_0439_PP_AG.XML
ace04/ENGLISH/NWIRE/NYT20001116_0145_0061.SGM -> cultest/NYT20001116_0145_0061.SGM
ace04/ENGLISH/NWIRE/NYT20001116_0145_0061_ALF.XML -> cultest/NYT20001116_0145_0061_ALF.XML
ace04/ENGLISH/NWIRE/NYT20001116_0145_0061_APF.XML -> cultest/NYT20001116_0145_0061_APF.XML
ace04/ENGLISH/NWIRE/NYT20001116_0145_0061_PP_AG.XML -> cultest/NYT20001116_0145_0061_PP_AG.XML
ace04/ENGLISH/NWIRE/NYT20001119_2132_0191.SGM -> cultest/NYT20001119_2132_0191.SGM
ace04/ENGLISH/NWIRE/NYT20001119_2132_0191_ALF.XML -> cultest/NYT20001119_2132_0191_ALF.XML
ace04/ENGLISH/NWIRE/NYT20001119_2132_0191_APF.XML -> cultest/NYT20001119_2132_0191_APF.XML
ace04/ENGLISH/NWIRE/NYT20001119_2132_0191_PP_AG.XML -> cultest/NYT20001119_2132_0191_PP_AG.XML
ace04/ENGLISH/BNEWS/PRI20001211_2000_0650.SGM -> cultest/PRI20001211_2000_0650.SGM
ace04/ENGLISH/BNEWS/PRI20001211_2000_0650_ALF.XML -> cultest/PRI20001211_2000_0650_ALF.XML
ace04/ENGLISH/BNEWS/PRI20001211_2000_0650_APF.XML -> cultest/PRI20001211_2000_0650_APF.XML
ace04/ENGLISH/BNEWS/PRI20001211_2000_0650_PP_AG.XML -> cultest/PRI20001211_2000_0650_PP_AG.XML
ace04/ENGLISH/BNEWS/PRI20001211_2000_0877.SGM -> cultest/PRI20001211_2000_0877.SGM
ace04/ENGLISH/BNEWS/PRI20001211_2000_0877_ALF.XML -> cultest/PRI20001211_2000_0877_ALF.XML
ace04/ENGLISH/BNEWS/PRI20001211_2000_0877_APF.XML -> cultest/PRI20001211_2000_0877_APF.XML
ace04/ENGLISH/BNEWS/PRI20001211_2000_0877_PP_AG.XML -> cultest/PRI20001211_2000_0877_PP_AG.XML
ace04/ENGLISH/BNEWS/PRI20001212_2000_0164.SGM -> cultest/PRI20001212_2000_0164.SGM
ace04/ENGLISH/BNEWS/PRI20001212_2000_0164_ALF.XML -> cultest/PRI20001212_2000_0164_ALF.XML
ace04/ENGLISH/BNEWS/PRI20001212_2000_0164_APF.XML -> cultest/PRI20001212_2000_0164_APF.XML
ace04/ENGLISH/BNEWS/PRI20001212_2000_0164_PP_AG.XML -> cultest/PRI20001212_2000_0164_PP_AG.XML
ace04/ENGLISH/BNEWS/PRI20001219_2000_0237.SGM -> cultest/PRI20001219_2000_0237.SGM
ace04/ENGLISH/BNEWS/PRI20001219_2000_0237_ALF.XML -> cultest/PRI20001219_2000_0237_ALF.XML
ace04/ENGLISH/BNEWS/PRI20001219_2000_0237_APF.XML -> cultest/PRI20001219_2000_0237_APF.XML
ace04/ENGLISH/BNEWS/PRI20001219_2000_0237_PP_AG.XML -> cultest/PRI20001219_2000_0237_PP_AG.XML
ace04/ENGLISH/BNEWS/PRI20001219_2000_1828.SGM -> cultest/PRI20001219_2000_1828.SGM
ace04/ENGLISH/BNEWS/PRI20001219_2000_1828_ALF.XML -> cultest/PRI20001219_2000_1828_ALF.XML
ace04/ENGLISH/BNEWS/PRI20001219_2000_1828_APF.XML -> cultest/PRI20001219_2000_1828_APF.XML
ace04/ENGLISH/BNEWS/PRI20001219_2000_1828_PP_AG.XML -> cultest/PRI20001219_2000_1828_PP_AG.XML
ace04/ENGLISH/BNEWS/VOA20001002_2100_0990.SGM -> cultest/VOA20001002_2100_0990.SGM
ace04/ENGLISH/BNEWS/VOA20001002_2100_0990_ALF.XML -> cultest/VOA20001002_2100_0990_ALF.XML
ace04/ENGLISH/BNEWS/VOA20001002_2100_0990_APF.XML -> cultest/VOA20001002_2100_0990_APF.XML
ace04/ENGLISH/BNEWS/VOA20001002_2100_0990_PP_AG.XML -> cultest/VOA20001002_2100_0990_PP_AG.XML
ace04/ENGLISH/BNEWS/VOA20001004_2100_1019.SGM -> cultest/VOA20001004_2100_1019.SGM
ace04/ENGLISH/BNEWS/VOA20001004_2100_1019_ALF.XML -> cultest/VOA20001004_2100_1019_ALF.XML
ace04/ENGLISH/BNEWS/VOA20001004_2100_1019_APF.XML -> cultest/VOA20001004_2100_1019_APF.XML
ace04/ENGLISH/BNEWS/VOA20001004_2100_1019_PP_AG.XML -> cultest/VOA20001004_2100_1019_PP_AG.XML
ace04/ENGLISH/BNEWS/VOA20001008_2100_0145.SGM -> cultest/VOA20001008_2100_0145.SGM
ace04/ENGLISH/BNEWS/VOA20001008_2100_0145_ALF.XML -> cultest/VOA20001008_2100_0145_ALF.XML
ace04/ENGLISH/BNEWS/VOA20001008_2100_0145_APF.XML -> cultest/VOA20001008_2100_0145_APF.XML
ace04/ENGLISH/BNEWS/VOA20001008_2100_0145_PP_AG.XML -> cultest/VOA20001008_2100_0145_PP_AG.XML
ace04/ENGLISH/BNEWS/VOA20001008_2100_0715.SGM -> cultest/VOA20001008_2100_0715.SGM
ace04/ENGLISH/BNEWS/VOA20001008_2100_0715_ALF.XML -> cultest/VOA20001008_2100_0715_ALF.XML
ace04/ENGLISH/BNEWS/VOA20001008_2100_0715_APF.XML -> cultest/VOA20001008_2100_0715_APF.XML
ace04/ENGLISH/BNEWS/VOA20001008_2100_0715_PP_AG.XML -> cultest/VOA20001008_2100_0715_PP_AG.XML
ace04/ENGLISH/BNEWS/VOA20001008_2100_2700.SGM -> cultest/VOA20001008_2100_2700.SGM
ace04/ENGLISH/BNEWS/VOA20001008_2100_2700_ALF.XML -> cultest/VOA20001008_2100_2700_ALF.XML
ace04/ENGLISH/BNEWS/VOA20001008_2100_2700_APF.XML -> cultest/VOA20001008_2100_2700_APF.XML
ace04/ENGLISH/BNEWS/VOA20001008_2100_2700_PP_AG.XML -> cultest/VOA20001008_2100_2700_PP_AG.XML
ace04/ENGLISH/BNEWS/VOA20001008_2100_3247.SGM -> cultest/VOA20001008_2100_3247.SGM
ace04/ENGLISH/BNEWS/VOA20001008_2100_3247_ALF.XML -> cultest/VOA20001008_2100_3247_ALF.XML
ace04/ENGLISH/BNEWS/VOA20001008_2100_3247_APF.XML -> cultest/VOA20001008_2100_3247_APF.XML
ace04/ENGLISH/BNEWS/VOA20001008_2100_3247_PP_AG.XML -> cultest/VOA20001008_2100_3247_PP_AG.XML
ace04/ENGLISH/BNEWS/VOA20001101_2100_0112.SGM -> cultest/VOA20001101_2100_0112.SGM
ace04/ENGLISH/BNEWS/VOA20001101_2100_0112_ALF.XML -> cultest/VOA20001101_2100_0112_ALF.XML
ace04/ENGLISH/BNEWS/VOA20001101_2100_0112_APF.XML -> cultest/VOA20001101_2100_0112_APF.XML
ace04/ENGLISH/BNEWS/VOA20001101_2100_0112_PP_AG.XML -> cultest/VOA20001101_2100_0112_PP_AG.XML
ace04/ENGLISH/BNEWS/VOA20001101_2100_1279.SGM -> cultest/VOA20001101_2100_1279.SGM
ace04/ENGLISH/BNEWS/VOA20001101_2100_1279_ALF.XML -> cultest/VOA20001101_2100_1279_ALF.XML
ace04/ENGLISH/BNEWS/VOA20001101_2100_1279_APF.XML -> cultest/VOA20001101_2100_1279_APF.XML
ace04/ENGLISH/BNEWS/VOA20001101_2100_1279_PP_AG.XML -> cultest/VOA20001101_2100_1279_PP_AG.XML
ace04/ENGLISH/BNEWS/VOA20001101_2100_1833.SGM -> cultest/VOA20001101_2100_1833.SGM
ace04/ENGLISH/BNEWS/VOA20001101_2100_1833_ALF.XML -> cultest/VOA20001101_2100_1833_ALF.XML
ace04/ENGLISH/BNEWS/VOA20001101_2100_1833_APF.XML -> cultest/VOA20001101_2100_1833_APF.XML
ace04/ENGLISH/BNEWS/VOA20001101_2100_1833_PP_AG.XML -> cultest/VOA20001101_2100_1833_PP_AG.XML
ace04/ENGLISH/BNEWS/VOA20001101_2100_3077.SGM -> cultest/VOA20001101_2100_3077.SGM
ace04/ENGLISH/BNEWS/VOA20001101_2100_3077_ALF.XML -> cultest/VOA20001101_2100_3077_ALF.XML
ace04/ENGLISH/BNEWS/VOA20001101_2100_3077_APF.XML -> cultest/VOA20001101_2100_3077_APF.XML
ace04/ENGLISH/BNEWS/VOA20001101_2100_3077_PP_AG.XML -> cultest/VOA20001101_2100_3077_PP_AG.XML
ace04/ENGLISH/BNEWS/VOA20001103_2100_0225.SGM -> cultest/VOA20001103_2100_0225.SGM
ace04/ENGLISH/BNEWS/VOA20001103_2100_0225_ALF.XML -> cultest/VOA20001103_2100_0225_ALF.XML
ace04/ENGLISH/BNEWS/VOA20001103_2100_0225_APF.XML -> cultest/VOA20001103_2100_0225_APF.XML
ace04/ENGLISH/BNEWS/VOA20001103_2100_0225_PP_AG.XML -> cultest/VOA20001103_2100_0225_PP_AG.XML
ace04/ENGLISH/BNEWS/VOA20001103_2100_1193.SGM -> cultest/VOA20001103_2100_1193.SGM
ace04/ENGLISH/BNEWS/VOA20001103_2100_1193_ALF.XML -> cultest/VOA20001103_2100_1193_ALF.XML
ace04/ENGLISH/BNEWS/VOA20001103_2100_1193_APF.XML -> cultest/VOA20001103_2100_1193_APF.XML
ace04/ENGLISH/BNEWS/VOA20001103_2100_1193_PP_AG.XML -> cultest/VOA20001103_2100_1193_PP_AG.XML
ace04/ENGLISH/BNEWS/VOA20001105_2100_0086.SGM -> cultest/VOA20001105_2100_0086.SGM
ace04/ENGLISH/BNEWS/VOA20001105_2100_0086_ALF.XML -> cultest/VOA20001105_2100_0086_ALF.XML
ace04/ENGLISH/BNEWS/VOA20001105_2100_0086_APF.XML -> cultest/VOA20001105_2100_0086_APF.XML
ace04/ENGLISH/BNEWS/VOA20001105_2100_0086_PP_AG.XML -> cultest/VOA20001105_2100_0086_PP_AG.XML
ace04/ENGLISH/BNEWS/VOA20001105_2100_0274.SGM -> cultest/VOA20001105_2100_0274.SGM
ace04/ENGLISH/BNEWS/VOA20001105_2100_0274_ALF.XML -> cultest/VOA20001105_2100_0274_ALF.XML
ace04/ENGLISH/BNEWS/VOA20001105_2100_0274_APF.XML -> cultest/VOA20001105_2100_0274_APF.XML
ace04/ENGLISH/BNEWS/VOA20001105_2100_0274_PP_AG.XML -> cultest/VOA20001105_2100_0274_PP_AG.XML
cultest/20001015_AFP_ARB_0123_ENG_A.XML -> cultest/20001015_AFP_ARB_0123_ENG_APF.XML
cultest/20001015_AFP_ARB_0130_ENG_A.XML -> cultest/20001015_AFP_ARB_0130_ENG_APF.XML
cultest/20001015_AFP_ARB_0136_ENG_A.XML -> cultest/20001015_AFP_ARB_0136_ENG_APF.XML
cultest/20001015_AFP_ARB_0157_ENG_A.XML -> cultest/20001015_AFP_ARB_0157_ENG_APF.XML
cultest/20001015_AFP_ARB_0166_ENG_A.XML -> cultest/20001015_AFP_ARB_0166_ENG_APF.XML
cultest/20001015_AFP_ARB_0170_ENG_A.XML -> cultest/20001015_AFP_ARB_0170_ENG_APF.XML
ace04/ENGLISH/ARABIC_TREEBANK/20001115_AFP_ARB_0060_EN000.XML -> rothdev/20001115_AFP_ARB_0060_EN000.XML
ace04/ENGLISH/ARABIC_TREEBANK/20001115_AFP_ARB_0060_ENG.SGM -> rothdev/20001115_AFP_ARB_0060_ENG.SGM
ace04/ENGLISH/ARABIC_TREEBANK/20001115_AFP_ARB_0060_ENG_A.XML -> rothdev/20001115_AFP_ARB_0060_ENG_A.XML
ace04/ENGLISH/ARABIC_TREEBANK/20001115_AFP_ARB_0060_ENG_P.XM -> rothdev/20001115_AFP_ARB_0060_ENG_P.XM
ace04/ENGLISH/BNEWS/MNB20001102_2100_2766.SGM -> rothdev/MNB20001102_2100_2766.SGM
ace04/ENGLISH/BNEWS/MNB20001102_2100_2766_ALF.XML -> rothdev/MNB20001102_2100_2766_ALF.XML
ace04/ENGLISH/BNEWS/MNB20001102_2100_2766_APF.XML -> rothdev/MNB20001102_2100_2766_APF.XML
ace04/ENGLISH/BNEWS/MNB20001102_2100_2766_PP_AG.XML -> rothdev/MNB20001102_2100_2766_PP_AG.XML
ace04/ENGLISH/ARABIC_TREEBANK/20001115_AFP_ARB_0212_EN000.XML -> rothdev/20001115_AFP_ARB_0212_EN000.XML
ace04/ENGLISH/ARABIC_TREEBANK/20001115_AFP_ARB_0212_ENG.SGM -> rothdev/20001115_AFP_ARB_0212_ENG.SGM
ace04/ENGLISH/ARABIC_TREEBANK/20001115_AFP_ARB_0212_ENG_A.XML -> rothdev/20001115_AFP_ARB_0212_ENG_A.XML
ace04/ENGLISH/ARABIC_TREEBANK/20001115_AFP_ARB_0212_ENG_P.XM -> rothdev/20001115_AFP_ARB_0212_ENG_P.XM
ace04/ENGLISH/NWIRE/NYT20001125_1558_0117.SGM -> rothdev/NYT20001125_1558_0117.SGM
ace04/ENGLISH/NWIRE/NYT20001125_1558_0117_ALF.XML -> rothdev/NYT20001125_1558_0117_ALF.XML
ace04/ENGLISH/NWIRE/NYT20001125_1558_0117_APF.XML -> rothdev/NYT20001125_1558_0117_APF.XML
ace04/ENGLISH/NWIRE/NYT20001125_1558_0117_PP_AG.XML -> rothdev/NYT20001125_1558_0117_PP_AG.XML
ace04/ENGLISH/ARABIC_TREEBANK/20000715_AFP_ARB_0072_EN000.XML -> rothdev/20000715_AFP_ARB_0072_EN000.XML
ace04/ENGLISH/ARABIC_TREEBANK/20000715_AFP_ARB_0072_ENG.SGM -> rothdev/20000715_AFP_ARB_0072_ENG.SGM
ace04/ENGLISH/ARABIC_TREEBANK/20000715_AFP_ARB_0072_ENG_A.XML -> rothdev/20000715_AFP_ARB_0072_ENG_A.XML
ace04/ENGLISH/ARABIC_TREEBANK/20000715_AFP_ARB_0072_ENG_P.XM -> rothdev/20000715_AFP_ARB_0072_ENG_P.XM
ace04/ENGLISH/NWIRE/APW20001218_2221_0727.SGM -> rothdev/APW20001218_2221_0727.SGM
ace04/ENGLISH/NWIRE/APW20001218_2221_0727_ALF.XML -> rothdev/APW20001218_2221_0727_ALF.XML
ace04/ENGLISH/NWIRE/APW20001218_2221_0727_APF.XML -> rothdev/APW20001218_2221_0727_APF.XML
ace04/ENGLISH/NWIRE/APW20001218_2221_0727_PP_AG.XML -> rothdev/APW20001218_2221_0727_PP_AG.XML
ace04/ENGLISH/NWIRE/APW20001203_1456_0329.SGM -> rothdev/APW20001203_1456_0329.SGM
ace04/ENGLISH/NWIRE/APW20001203_1456_0329_ALF.XML -> rothdev/APW20001203_1456_0329_ALF.XML
ace04/ENGLISH/NWIRE/APW20001203_1456_0329_APF.XML -> rothdev/APW20001203_1456_0329_APF.XML
ace04/ENGLISH/NWIRE/APW20001203_1456_0329_PP_AG.XML -> rothdev/APW20001203_1456_0329_PP_AG.XML
ace04/ENGLISH/BNEWS/CNN20001205_1400_0960.SGM -> rothdev/CNN20001205_1400_0960.SGM
ace04/ENGLISH/BNEWS/CNN20001205_1400_0960_ALF.XML -> rothdev/CNN20001205_1400_0960_ALF.XML
ace04/ENGLISH/BNEWS/CNN20001205_1400_0960_APF.XML -> rothdev/CNN20001205_1400_0960_APF.XML
ace04/ENGLISH/BNEWS/CNN20001205_1400_0960_PP_AG.XML -> rothdev/CNN20001205_1400_0960_PP_AG.XML
ace04/ENGLISH/NWIRE/NYT20001124_2050_0257.SGM -> rothdev/NYT20001124_2050_0257.SGM
ace04/ENGLISH/NWIRE/NYT20001124_2050_0257_ALF.XML -> rothdev/NYT20001124_2050_0257_ALF.XML
ace04/ENGLISH/NWIRE/NYT20001124_2050_0257_APF.XML -> rothdev/NYT20001124_2050_0257_APF.XML
ace04/ENGLISH/NWIRE/NYT20001124_2050_0257_PP_AG.XML -> rothdev/NYT20001124_2050_0257_PP_AG.XML
ace04/ENGLISH/CHINESE_TREEBANK/CHTB_165_ENG.SGM -> rothdev/CHTB_165_ENG.SGM
ace04/ENGLISH/CHINESE_TREEBANK/CHTB_165_ENG_ALF.XML -> rothdev/CHTB_165_ENG_ALF.XML
ace04/ENGLISH/CHINESE_TREEBANK/CHTB_165_ENG_APF.XML -> rothdev/CHTB_165_ENG_APF.XML
ace04/ENGLISH/CHINESE_TREEBANK/CHTB_165_ENG_PP_AG.XML -> rothdev/CHTB_165_ENG_PP_AG.XML
ace04/ENGLISH/ARABIC_TREEBANK/20000815_AFP_ARB_0071_EN000.XML -> rothdev/20000815_AFP_ARB_0071_EN000.XML
ace04/ENGLISH/ARABIC_TREEBANK/20000815_AFP_ARB_0071_ENG.SGM -> rothdev/20000815_AFP_ARB_0071_ENG.SGM
ace04/ENGLISH/ARABIC_TREEBANK/20000815_AFP_ARB_0071_ENG_A.XML -> rothdev/20000815_AFP_ARB_0071_ENG_A.XML
ace04/ENGLISH/ARABIC_TREEBANK/20000815_AFP_ARB_0071_ENG_P.XM -> rothdev/20000815_AFP_ARB_0071_ENG_P.XM
ace04/ENGLISH/ARABIC_TREEBANK/20001115_AFP_ARB_0061_EN000.XML -> rothdev/20001115_AFP_ARB_0061_EN000.XML
ace04/ENGLISH/ARABIC_TREEBANK/20001115_AFP_ARB_0061_ENG.SGM -> rothdev/20001115_AFP_ARB_0061_ENG.SGM
ace04/ENGLISH/ARABIC_TREEBANK/20001115_AFP_ARB_0061_ENG_A.XML -> rothdev/20001115_AFP_ARB_0061_ENG_A.XML
ace04/ENGLISH/ARABIC_TREEBANK/20001115_AFP_ARB_0061_ENG_P.XM -> rothdev/20001115_AFP_ARB_0061_ENG_P.XM
ace04/ENGLISH/NWIRE/APW20001001_2021_0521.SGM -> rothdev/APW20001001_2021_0521.SGM
ace04/ENGLISH/NWIRE/APW20001001_2021_0521_ALF.XML -> rothdev/APW20001001_2021_0521_ALF.XML
ace04/ENGLISH/NWIRE/APW20001001_2021_0521_APF.XML -> rothdev/APW20001001_2021_0521_APF.XML
ace04/ENGLISH/NWIRE/APW20001001_2021_0521_PP_AG.XML -> rothdev/APW20001001_2021_0521_PP_AG.XML
ace04/ENGLISH/NWIRE/APW20001216_2012_0590.SGM -> rothdev/APW20001216_2012_0590.SGM
ace04/ENGLISH/NWIRE/APW20001216_2012_0590_ALF.XML -> rothdev/APW20001216_2012_0590_ALF.XML
ace04/ENGLISH/NWIRE/APW20001216_2012_0590_APF.XML -> rothdev/APW20001216_2012_0590_APF.XML
ace04/ENGLISH/NWIRE/APW20001216_2012_0590_PP_AG.XML -> rothdev/APW20001216_2012_0590_PP_AG.XML
ace04/ENGLISH/NWIRE/NYT20001101_2212_0429.SGM -> rothdev/NYT20001101_2212_0429.SGM
ace04/ENGLISH/NWIRE/NYT20001101_2212_0429_ALF.XML -> rothdev/NYT20001101_2212_0429_ALF.XML
ace04/ENGLISH/NWIRE/NYT20001101_2212_0429_APF.XML -> rothdev/NYT20001101_2212_0429_APF.XML
ace04/ENGLISH/NWIRE/NYT20001101_2212_0429_PP_AG.XML -> rothdev/NYT20001101_2212_0429_PP_AG.XML
ace04/ENGLISH/BNEWS/NBC20001008_1830_0203.SGM -> rothdev/NBC20001008_1830_0203.SGM
ace04/ENGLISH/BNEWS/NBC20001008_1830_0203_ALF.XML -> rothdev/NBC20001008_1830_0203_ALF.XML
ace04/ENGLISH/BNEWS/NBC20001008_1830_0203_APF.XML -> rothdev/NBC20001008_1830_0203_APF.XML
ace04/ENGLISH/BNEWS/NBC20001008_1830_0203_PP_AG.XML -> rothdev/NBC20001008_1830_0203_PP_AG.XML
ace04/ENGLISH/NWIRE/APW20001202_0257_0120.SGM -> rothdev/APW20001202_0257_0120.SGM
ace04/ENGLISH/NWIRE/APW20001202_0257_0120_ALF.XML -> rothdev/APW20001202_0257_0120_ALF.XML
ace04/ENGLISH/NWIRE/APW20001202_0257_0120_APF.XML -> rothdev/APW20001202_0257_0120_APF.XML
ace04/ENGLISH/NWIRE/APW20001202_0257_0120_PP_AG.XML -> rothdev/APW20001202_0257_0120_PP_AG.XML
ace04/ENGLISH/BNEWS/VOA20001129_2000_0364.SGM -> rothdev/VOA20001129_2000_0364.SGM
ace04/ENGLISH/BNEWS/VOA20001129_2000_0364_ALF.XML -> rothdev/VOA20001129_2000_0364_ALF.XML
ace04/ENGLISH/BNEWS/VOA20001129_2000_0364_APF.XML -> rothdev/VOA20001129_2000_0364_APF.XML
ace04/ENGLISH/BNEWS/VOA20001129_2000_0364_PP_AG.XML -> rothdev/VOA20001129_2000_0364_PP_AG.XML
ace04/ENGLISH/NWIRE/APW20001127_1346_0419.SGM -> rothdev/APW20001127_1346_0419.SGM
ace04/ENGLISH/NWIRE/APW20001127_1346_0419_ALF.XML -> rothdev/APW20001127_1346_0419_ALF.XML
ace04/ENGLISH/NWIRE/APW20001127_1346_0419_APF.XML -> rothdev/APW20001127_1346_0419_APF.XML
ace04/ENGLISH/NWIRE/APW20001127_1346_0419_PP_AG.XML -> rothdev/APW20001127_1346_0419_PP_AG.XML
ace04/ENGLISH/NWIRE/NYT20001123_1511_0062.SGM -> rothdev/NYT20001123_1511_0062.SGM
ace04/ENGLISH/NWIRE/NYT20001123_1511_0062_ALF.XML -> rothdev/NYT20001123_1511_0062_ALF.XML
ace04/ENGLISH/NWIRE/NYT20001123_1511_0062_APF.XML -> rothdev/NYT20001123_1511_0062_APF.XML
ace04/ENGLISH/NWIRE/NYT20001123_1511_0062_PP_AG.XML -> rothdev/NYT20001123_1511_0062_PP_AG.XML
ace04/ENGLISH/BNEWS/PRI20001128_2000_0055.SGM -> rothdev/PRI20001128_2000_0055.SGM
ace04/ENGLISH/BNEWS/PRI20001128_2000_0055_ALF.XML -> rothdev/PRI20001128_2000_0055_ALF.XML
ace04/ENGLISH/BNEWS/PRI20001128_2000_0055_APF.XML -> rothdev/PRI20001128_2000_0055_APF.XML
ace04/ENGLISH/BNEWS/PRI20001128_2000_0055_PP_AG.XML -> rothdev/PRI20001128_2000_0055_PP_AG.XML
ace04/ENGLISH/BNEWS/CNN20001203_0900_0606.SGM -> rothdev/CNN20001203_0900_0606.SGM
ace04/ENGLISH/BNEWS/CNN20001203_0900_0606_ALF.XML -> rothdev/CNN20001203_0900_0606_ALF.XML
ace04/ENGLISH/BNEWS/CNN20001203_0900_0606_APF.XML -> rothdev/CNN20001203_0900_0606_APF.XML
ace04/ENGLISH/BNEWS/CNN20001203_0900_0606_PP_AG.XML -> rothdev/CNN20001203_0900_0606_PP_AG.XML
ace04/ENGLISH/BNEWS/VOA20001220_2000_0060.SGM -> rothdev/VOA20001220_2000_0060.SGM
ace04/ENGLISH/BNEWS/VOA20001220_2000_0060_ALF.XML -> rothdev/VOA20001220_2000_0060_ALF.XML
ace04/ENGLISH/BNEWS/VOA20001220_2000_0060_APF.XML -> rothdev/VOA20001220_2000_0060_APF.XML
ace04/ENGLISH/BNEWS/VOA20001220_2000_0060_PP_AG.XML -> rothdev/VOA20001220_2000_0060_PP_AG.XML
ace04/ENGLISH/NWIRE/APW20001102_1223_0376.SGM -> rothdev/APW20001102_1223_0376.SGM
ace04/ENGLISH/NWIRE/APW20001102_1223_0376_ALF.XML -> rothdev/APW20001102_1223_0376_ALF.XML
ace04/ENGLISH/NWIRE/APW20001102_1223_0376_APF.XML -> rothdev/APW20001102_1223_0376_APF.XML
ace04/ENGLISH/NWIRE/APW20001102_1223_0376_PP_AG.XML -> rothdev/APW20001102_1223_0376_PP_AG.XML
ace04/ENGLISH/ARABIC_TREEBANK/20001115_AFP_ARB_0072_EN000.XML -> rothdev/20001115_AFP_ARB_0072_EN000.XML
ace04/ENGLISH/ARABIC_TREEBANK/20001115_AFP_ARB_0072_ENG.SGM -> rothdev/20001115_AFP_ARB_0072_ENG.SGM
ace04/ENGLISH/ARABIC_TREEBANK/20001115_AFP_ARB_0072_ENG_A.XML -> rothdev/20001115_AFP_ARB_0072_ENG_A.XML
ace04/ENGLISH/ARABIC_TREEBANK/20001115_AFP_ARB_0072_ENG_P.XM -> rothdev/20001115_AFP_ARB_0072_ENG_P.XM
ace04/ENGLISH/NWIRE/NYT20001002_1754_0290.SGM -> rothdev/NYT20001002_1754_0290.SGM
ace04/ENGLISH/NWIRE/NYT20001002_1754_0290_ALF.XML -> rothdev/NYT20001002_1754_0290_ALF.XML
ace04/ENGLISH/NWIRE/NYT20001002_1754_0290_APF.XML -> rothdev/NYT20001002_1754_0290_APF.XML
ace04/ENGLISH/NWIRE/NYT20001002_1754_0290_PP_AG.XML -> rothdev/NYT20001002_1754_0290_PP_AG.XML
ace04/ENGLISH/BNEWS/NBC20001026_1830_0047.SGM -> rothdev/NBC20001026_1830_0047.SGM
ace04/ENGLISH/BNEWS/NBC20001026_1830_0047_ALF.XML -> rothdev/NBC20001026_1830_0047_ALF.XML
ace04/ENGLISH/BNEWS/NBC20001026_1830_0047_APF.XML -> rothdev/NBC20001026_1830_0047_APF.XML
ace04/ENGLISH/BNEWS/NBC20001026_1830_0047_PP_AG.XML -> rothdev/NBC20001026_1830_0047_PP_AG.XML
ace04/ENGLISH/NWIRE/APW20001022_1735_0376.SGM -> rothdev/APW20001022_1735_0376.SGM
ace04/ENGLISH/NWIRE/APW20001022_1735_0376_ALF.XML -> rothdev/APW20001022_1735_0376_ALF.XML
ace04/ENGLISH/NWIRE/APW20001022_1735_0376_APF.XML -> rothdev/APW20001022_1735_0376_APF.XML
ace04/ENGLISH/NWIRE/APW20001022_1735_0376_PP_AG.XML -> rothdev/APW20001022_1735_0376_PP_AG.XML
ace04/ENGLISH/NWIRE/APW20001017_1313_0396.SGM -> rothdev/APW20001017_1313_0396.SGM
ace04/ENGLISH/NWIRE/APW20001017_1313_0396_ALF.XML -> rothdev/APW20001017_1313_0396_ALF.XML
ace04/ENGLISH/NWIRE/APW20001017_1313_0396_APF.XML -> rothdev/APW20001017_1313_0396_APF.XML
ace04/ENGLISH/NWIRE/APW20001017_1313_0396_PP_AG.XML -> rothdev/APW20001017_1313_0396_PP_AG.XML
ace04/ENGLISH/BNEWS/CNN20001214_1400_0609.SGM -> rothdev/CNN20001214_1400_0609.SGM
ace04/ENGLISH/BNEWS/CNN20001214_1400_0609_ALF.XML -> rothdev/CNN20001214_1400_0609_ALF.XML
ace04/ENGLISH/BNEWS/CNN20001214_1400_0609_APF.XML -> rothdev/CNN20001214_1400_0609_APF.XML
ace04/ENGLISH/BNEWS/CNN20001214_1400_0609_PP_AG.XML -> rothdev/CNN20001214_1400_0609_PP_AG.XML
ace04/ENGLISH/NWIRE/NYT20001217_2241_0165.SGM -> rothdev/NYT20001217_2241_0165.SGM
ace04/ENGLISH/NWIRE/NYT20001217_2241_0165_ALF.XML -> rothdev/NYT20001217_2241_0165_ALF.XML
ace04/ENGLISH/NWIRE/NYT20001217_2241_0165_APF.XML -> rothdev/NYT20001217_2241_0165_APF.XML
ace04/ENGLISH/NWIRE/NYT20001217_2241_0165_PP_AG.XML -> rothdev/NYT20001217_2241_0165_PP_AG.XML
ace04/ENGLISH/BNEWS/VOA20001223_2000_0139.SGM -> rothdev/VOA20001223_2000_0139.SGM
ace04/ENGLISH/BNEWS/VOA20001223_2000_0139_ALF.XML -> rothdev/VOA20001223_2000_0139_ALF.XML
ace04/ENGLISH/BNEWS/VOA20001223_2000_0139_APF.XML -> rothdev/VOA20001223_2000_0139_APF.XML
ace04/ENGLISH/BNEWS/VOA20001223_2000_0139_PP_AG.XML -> rothdev/VOA20001223_2000_0139_PP_AG.XML
ace04/ENGLISH/ARABIC_TREEBANK/20001115_AFP_ARB_0065_EN000.XML -> rothdev/20001115_AFP_ARB_0065_EN000.XML
ace04/ENGLISH/ARABIC_TREEBANK/20001115_AFP_ARB_0065_ENG.SGM -> rothdev/20001115_AFP_ARB_0065_ENG.SGM
ace04/ENGLISH/ARABIC_TREEBANK/20001115_AFP_ARB_0065_ENG_A.XML -> rothdev/20001115_AFP_ARB_0065_ENG_A.XML
ace04/ENGLISH/ARABIC_TREEBANK/20001115_AFP_ARB_0065_ENG_P.XM -> rothdev/20001115_AFP_ARB_0065_ENG_P.XM
ace04/ENGLISH/BNEWS/ABC20001128_1830_0646.SGM -> rothdev/ABC20001128_1830_0646.SGM
ace04/ENGLISH/BNEWS/ABC20001128_1830_0646_ALF.XML -> rothdev/ABC20001128_1830_0646_ALF.XML
ace04/ENGLISH/BNEWS/ABC20001128_1830_0646_APF.XML -> rothdev/ABC20001128_1830_0646_APF.XML
ace04/ENGLISH/BNEWS/ABC20001128_1830_0646_PP_AG.XML -> rothdev/ABC20001128_1830_0646_PP_AG.XML
ace04/ENGLISH/BNEWS/VOA20001208_2000_1275.SGM -> rothdev/VOA20001208_2000_1275.SGM
ace04/ENGLISH/BNEWS/VOA20001208_2000_1275_ALF.XML -> rothdev/VOA20001208_2000_1275_ALF.XML
ace04/ENGLISH/BNEWS/VOA20001208_2000_1275_APF.XML -> rothdev/VOA20001208_2000_1275_APF.XML
ace04/ENGLISH/BNEWS/VOA20001208_2000_1275_PP_AG.XML -> rothdev/VOA20001208_2000_1275_PP_AG.XML
ace04/ENGLISH/NWIRE/NYT20001106_1705_0187.SGM -> rothdev/NYT20001106_1705_0187.SGM
ace04/ENGLISH/NWIRE/NYT20001106_1705_0187_ALF.XML -> rothdev/NYT20001106_1705_0187_ALF.XML
ace04/ENGLISH/NWIRE/NYT20001106_1705_0187_APF.XML -> rothdev/NYT20001106_1705_0187_APF.XML
ace04/ENGLISH/NWIRE/NYT20001106_1705_0187_PP_AG.XML -> rothdev/NYT20001106_1705_0187_PP_AG.XML
ace04/ENGLISH/BNEWS/CNN20001204_1400_0906.SGM -> rothdev/CNN20001204_1400_0906.SGM
ace04/ENGLISH/BNEWS/CNN20001204_1400_0906_ALF.XML -> rothdev/CNN20001204_1400_0906_ALF.XML
ace04/ENGLISH/BNEWS/CNN20001204_1400_0906_APF.XML -> rothdev/CNN20001204_1400_0906_APF.XML
ace04/ENGLISH/BNEWS/CNN20001204_1400_0906_PP_AG.XML -> rothdev/CNN20001204_1400_0906_PP_AG.XML
ace04/ENGLISH/BNEWS/MNB20001103_2100_0996.SGM -> rothdev/MNB20001103_2100_0996.SGM
ace04/ENGLISH/BNEWS/MNB20001103_2100_0996_ALF.XML -> rothdev/MNB20001103_2100_0996_ALF.XML
ace04/ENGLISH/BNEWS/MNB20001103_2100_0996_APF.XML -> rothdev/MNB20001103_2100_0996_APF.XML
ace04/ENGLISH/BNEWS/MNB20001103_2100_0996_PP_AG.XML -> rothdev/MNB20001103_2100_0996_PP_AG.XML
ace04/ENGLISH/ARABIC_TREEBANK/20001015_AFP_ARB_0229_EN000.XML -> rothdev/20001015_AFP_ARB_0229_EN000.XML
ace04/ENGLISH/ARABIC_TREEBANK/20001015_AFP_ARB_0229_ENG.SGM -> rothdev/20001015_AFP_ARB_0229_ENG.SGM
ace04/ENGLISH/ARABIC_TREEBANK/20001015_AFP_ARB_0229_ENG_A.XML -> rothdev/20001015_AFP_ARB_0229_ENG_A.XML
ace04/ENGLISH/ARABIC_TREEBANK/20001015_AFP_ARB_0229_ENG_P.XM -> rothdev/20001015_AFP_ARB_0229_ENG_P.XM
ace04/ENGLISH/NWIRE/APW20001002_0615_0146.SGM -> rothdev/APW20001002_0615_0146.SGM
ace04/ENGLISH/NWIRE/APW20001002_0615_0146_ALF.XML -> rothdev/APW20001002_0615_0146_ALF.XML
ace04/ENGLISH/NWIRE/APW20001002_0615_0146_APF.XML -> rothdev/APW20001002_0615_0146_APF.XML
ace04/ENGLISH/NWIRE/APW20001002_0615_0146_PP_AG.XML -> rothdev/APW20001002_0615_0146_PP_AG.XML
ace04/ENGLISH/BNEWS/CNN20001219_1400_1513.SGM -> rothdev/CNN20001219_1400_1513.SGM
ace04/ENGLISH/BNEWS/CNN20001219_1400_1513_ALF.XML -> rothdev/CNN20001219_1400_1513_ALF.XML
ace04/ENGLISH/BNEWS/CNN20001219_1400_1513_APF.XML -> rothdev/CNN20001219_1400_1513_APF.XML
ace04/ENGLISH/BNEWS/CNN20001219_1400_1513_PP_AG.XML -> rothdev/CNN20001219_1400_1513_PP_AG.XML
ace04/ENGLISH/NWIRE/APW20001120_1450_0376.SGM -> rothdev/APW20001120_1450_0376.SGM
ace04/ENGLISH/NWIRE/APW20001120_1450_0376_ALF.XML -> rothdev/APW20001120_1450_0376_ALF.XML
ace04/ENGLISH/NWIRE/APW20001120_1450_0376_APF.XML -> rothdev/APW20001120_1450_0376_APF.XML
ace04/ENGLISH/NWIRE/APW20001120_1450_0376_PP_AG.XML -> rothdev/APW20001120_1450_0376_PP_AG.XML
ace04/ENGLISH/ARABIC_TREEBANK/20001115_AFP_ARB_0210_EN000.XML -> rothdev/20001115_AFP_ARB_0210_EN000.XML
ace04/ENGLISH/ARABIC_TREEBANK/20001115_AFP_ARB_0210_ENG.SGM -> rothdev/20001115_AFP_ARB_0210_ENG.SGM
ace04/ENGLISH/ARABIC_TREEBANK/20001115_AFP_ARB_0210_ENG_A.XML -> rothdev/20001115_AFP_ARB_0210_ENG_A.XML
ace04/ENGLISH/ARABIC_TREEBANK/20001115_AFP_ARB_0210_ENG_P.XM -> rothdev/20001115_AFP_ARB_0210_ENG_P.XM
ace04/ENGLISH/ARABIC_TREEBANK/20001115_AFP_ARB_0217_EN000.XML -> rothdev/20001115_AFP_ARB_0217_EN000.XML
ace04/ENGLISH/ARABIC_TREEBANK/20001115_AFP_ARB_0217_ENG.SGM -> rothdev/20001115_AFP_ARB_0217_ENG.SGM
ace04/ENGLISH/ARABIC_TREEBANK/20001115_AFP_ARB_0217_ENG_A.XML -> rothdev/20001115_AFP_ARB_0217_ENG_A.XML
ace04/ENGLISH/ARABIC_TREEBANK/20001115_AFP_ARB_0217_ENG_P.XM -> rothdev/20001115_AFP_ARB_0217_ENG_P.XM
ace04/ENGLISH/NWIRE/APW20001219_1316_0416.SGM -> rothdev/APW20001219_1316_0416.SGM
ace04/ENGLISH/NWIRE/APW20001219_1316_0416_ALF.XML -> rothdev/APW20001219_1316_0416_ALF.XML
ace04/ENGLISH/NWIRE/APW20001219_1316_0416_APF.XML -> rothdev/APW20001219_1316_0416_APF.XML
ace04/ENGLISH/NWIRE/APW20001219_1316_0416_PP_AG.XML -> rothdev/APW20001219_1316_0416_PP_AG.XML
ace04/ENGLISH/NWIRE/APW20001225_2035_0477.SGM -> rothdev/APW20001225_2035_0477.SGM
ace04/ENGLISH/NWIRE/APW20001225_2035_0477_ALF.XML -> rothdev/APW20001225_2035_0477_ALF.XML
ace04/ENGLISH/NWIRE/APW20001225_2035_0477_APF.XML -> rothdev/APW20001225_2035_0477_APF.XML
ace04/ENGLISH/NWIRE/APW20001225_2035_0477_PP_AG.XML -> rothdev/APW20001225_2035_0477_PP_AG.XML
ace04/ENGLISH/CHINESE_TREEBANK/CHTB_227_ENG.SGM -> rothdev/CHTB_227_ENG.SGM
ace04/ENGLISH/CHINESE_TREEBANK/CHTB_227_ENG_ALF.XML -> rothdev/CHTB_227_ENG_ALF.XML
ace04/ENGLISH/CHINESE_TREEBANK/CHTB_227_ENG_APF.XML -> rothdev/CHTB_227_ENG_APF.XML
ace04/ENGLISH/CHINESE_TREEBANK/CHTB_227_ENG_PP_AG.XML -> rothdev/CHTB_227_ENG_PP_AG.XML
ace04/ENGLISH/ARABIC_TREEBANK/20001115_AFP_ARB_0030_EN000.XML -> rothdev/20001115_AFP_ARB_0030_EN000.XML
ace04/ENGLISH/ARABIC_TREEBANK/20001115_AFP_ARB_0030_ENG.SGM -> rothdev/20001115_AFP_ARB_0030_ENG.SGM
ace04/ENGLISH/ARABIC_TREEBANK/20001115_AFP_ARB_0030_ENG_A.XML -> rothdev/20001115_AFP_ARB_0030_ENG_A.XML
ace04/ENGLISH/ARABIC_TREEBANK/20001115_AFP_ARB_0030_ENG_P.XM -> rothdev/20001115_AFP_ARB_0030_ENG_P.XM
ace04/ENGLISH/CHINESE_TREEBANK/CHTB_171_ENG.SGM -> rothdev/CHTB_171_ENG.SGM
ace04/ENGLISH/CHINESE_TREEBANK/CHTB_171_ENG_ALF.XML -> rothdev/CHTB_171_ENG_ALF.XML
ace04/ENGLISH/CHINESE_TREEBANK/CHTB_171_ENG_APF.XML -> rothdev/CHTB_171_ENG_APF.XML
ace04/ENGLISH/CHINESE_TREEBANK/CHTB_171_ENG_PP_AG.XML -> rothdev/CHTB_171_ENG_PP_AG.XML
ace04/ENGLISH/CHINESE_TREEBANK/CHTB_267_ENG.SGM -> rothdev/CHTB_267_ENG.SGM
ace04/ENGLISH/CHINESE_TREEBANK/CHTB_267_ENG_ALF.XML -> rothdev/CHTB_267_ENG_ALF.XML
ace04/ENGLISH/CHINESE_TREEBANK/CHTB_267_ENG_APF.XML -> rothdev/CHTB_267_ENG_APF.XML
ace04/ENGLISH/CHINESE_TREEBANK/CHTB_267_ENG_PP_AG.XML -> rothdev/CHTB_267_ENG_PP_AG.XML
ace04/ENGLISH/BNEWS/PRI20001031_2000_1824.SGM -> rothdev/PRI20001031_2000_1824.SGM
ace04/ENGLISH/BNEWS/PRI20001031_2000_1824_ALF.XML -> rothdev/PRI20001031_2000_1824_ALF.XML
ace04/ENGLISH/BNEWS/PRI20001031_2000_1824_APF.XML -> rothdev/PRI20001031_2000_1824_APF.XML
ace04/ENGLISH/BNEWS/PRI20001031_2000_1824_PP_AG.XML -> rothdev/PRI20001031_2000_1824_PP_AG.XML
ace04/ENGLISH/ARABIC_TREEBANK/20001115_AFP_ARB_0093_EN000.XML -> rothdev/20001115_AFP_ARB_0093_EN000.XML
ace04/ENGLISH/ARABIC_TREEBANK/20001115_AFP_ARB_0093_ENG.SGM -> rothdev/20001115_AFP_ARB_0093_ENG.SGM
ace04/ENGLISH/ARABIC_TREEBANK/20001115_AFP_ARB_0093_ENG_A.XML -> rothdev/20001115_AFP_ARB_0093_ENG_A.XML
ace04/ENGLISH/ARABIC_TREEBANK/20001115_AFP_ARB_0093_ENG_P.XM -> rothdev/20001115_AFP_ARB_0093_ENG_P.XM
ace04/ENGLISH/NWIRE/NYT20001129_2040_0383.SGM -> rothdev/NYT20001129_2040_0383.SGM
ace04/ENGLISH/NWIRE/NYT20001129_2040_0383_ALF.XML -> rothdev/NYT20001129_2040_0383_ALF.XML
ace04/ENGLISH/NWIRE/NYT20001129_2040_0383_APF.XML -> rothdev/NYT20001129_2040_0383_APF.XML
ace04/ENGLISH/NWIRE/NYT20001129_2040_0383_PP_AG.XML -> rothdev/NYT20001129_2040_0383_PP_AG.XML
ace04/ENGLISH/BNEWS/CNN20001217_1400_0883.SGM -> rothdev/CNN20001217_1400_0883.SGM
ace04/ENGLISH/BNEWS/CNN20001217_1400_0883_ALF.XML -> rothdev/CNN20001217_1400_0883_ALF.XML
ace04/ENGLISH/BNEWS/CNN20001217_1400_0883_APF.XML -> rothdev/CNN20001217_1400_0883_APF.XML
ace04/ENGLISH/BNEWS/CNN20001217_1400_0883_PP_AG.XML -> rothdev/CNN20001217_1400_0883_PP_AG.XML
ace04/ENGLISH/ARABIC_TREEBANK/20001015_AFP_ARB_0053_EN000.XML -> rothdev/20001015_AFP_ARB_0053_EN000.XML
ace04/ENGLISH/ARABIC_TREEBANK/20001015_AFP_ARB_0053_ENG.SGM -> rothdev/20001015_AFP_ARB_0053_ENG.SGM
ace04/ENGLISH/ARABIC_TREEBANK/20001015_AFP_ARB_0053_ENG_A.XML -> rothdev/20001015_AFP_ARB_0053_ENG_A.XML
ace04/ENGLISH/ARABIC_TREEBANK/20001015_AFP_ARB_0053_ENG_P.XM -> rothdev/20001015_AFP_ARB_0053_ENG_P.XM
ace04/ENGLISH/ARABIC_TREEBANK/20001115_AFP_ARB_0013_EN000.XML -> rothdev/20001115_AFP_ARB_0013_EN000.XML
ace04/ENGLISH/ARABIC_TREEBANK/20001115_AFP_ARB_0013_ENG.SGM -> rothdev/20001115_AFP_ARB_0013_ENG.SGM
ace04/ENGLISH/ARABIC_TREEBANK/20001115_AFP_ARB_0013_ENG_A.XML -> rothdev/20001115_AFP_ARB_0013_ENG_A.XML
ace04/ENGLISH/ARABIC_TREEBANK/20001115_AFP_ARB_0013_ENG_P.XM -> rothdev/20001115_AFP_ARB_0013_ENG_P.XM
ace04/ENGLISH/NWIRE/APW20001023_2100_0686.SGM -> rothdev/APW20001023_2100_0686.SGM
ace04/ENGLISH/NWIRE/APW20001023_2100_0686_ALF.XML -> rothdev/APW20001023_2100_0686_ALF.XML
ace04/ENGLISH/NWIRE/APW20001023_2100_0686_APF.XML -> rothdev/APW20001023_2100_0686_APF.XML
ace04/ENGLISH/NWIRE/APW20001023_2100_0686_PP_AG.XML -> rothdev/APW20001023_2100_0686_PP_AG.XML
ace04/ENGLISH/BNEWS/PRI20001201_2000_1828.SGM -> rothdev/PRI20001201_2000_1828.SGM
ace04/ENGLISH/BNEWS/PRI20001201_2000_1828_ALF.XML -> rothdev/PRI20001201_2000_1828_ALF.XML
ace04/ENGLISH/BNEWS/PRI20001201_2000_1828_APF.XML -> rothdev/PRI20001201_2000_1828_APF.XML
ace04/ENGLISH/BNEWS/PRI20001201_2000_1828_PP_AG.XML -> rothdev/PRI20001201_2000_1828_PP_AG.XML
ace04/ENGLISH/BNEWS/VOA20001020_2100_1853.SGM -> rothdev/VOA20001020_2100_1853.SGM
ace04/ENGLISH/BNEWS/VOA20001020_2100_1853_ALF.XML -> rothdev/VOA20001020_2100_1853_ALF.XML
ace04/ENGLISH/BNEWS/VOA20001020_2100_1853_APF.XML -> rothdev/VOA20001020_2100_1853_APF.XML
ace04/ENGLISH/BNEWS/VOA20001020_2100_1853_PP_AG.XML -> rothdev/VOA20001020_2100_1853_PP_AG.XML
ace04/ENGLISH/ARABIC_TREEBANK/20001115_AFP_ARB_0184_EN000.XML -> rothdev/20001115_AFP_ARB_0184_EN000.XML
ace04/ENGLISH/ARABIC_TREEBANK/20001115_AFP_ARB_0184_ENG.SGM -> rothdev/20001115_AFP_ARB_0184_ENG.SGM
ace04/ENGLISH/ARABIC_TREEBANK/20001115_AFP_ARB_0184_ENG_A.XML -> rothdev/20001115_AFP_ARB_0184_ENG_A.XML
ace04/ENGLISH/ARABIC_TREEBANK/20001115_AFP_ARB_0184_ENG_P.XM -> rothdev/20001115_AFP_ARB_0184_ENG_P.XM
ace04/ENGLISH/NWIRE/APW20001211_0507_0196.SGM -> rothdev/APW20001211_0507_0196.SGM
ace04/ENGLISH/NWIRE/APW20001211_0507_0196_ALF.XML -> rothdev/APW20001211_0507_0196_ALF.XML
ace04/ENGLISH/NWIRE/APW20001211_0507_0196_APF.XML -> rothdev/APW20001211_0507_0196_APF.XML
ace04/ENGLISH/NWIRE/APW20001211_0507_0196_PP_AG.XML -> rothdev/APW20001211_0507_0196_PP_AG.XML
ace04/ENGLISH/ARABIC_TREEBANK/20001115_AFP_ARB_0089_EN000.XML -> rothdev/20001115_AFP_ARB_0089_EN000.XML
ace04/ENGLISH/ARABIC_TREEBANK/20001115_AFP_ARB_0089_ENG.SGM -> rothdev/20001115_AFP_ARB_0089_ENG.SGM
ace04/ENGLISH/ARABIC_TREEBANK/20001115_AFP_ARB_0089_ENG_A.XML -> rothdev/20001115_AFP_ARB_0089_ENG_A.XML
ace04/ENGLISH/ARABIC_TREEBANK/20001115_AFP_ARB_0089_ENG_P.XM -> rothdev/20001115_AFP_ARB_0089_ENG_P.XM
ace04/ENGLISH/NWIRE/NYT20001109_1946_0315.SGM -> rothdev/NYT20001109_1946_0315.SGM
ace04/ENGLISH/NWIRE/NYT20001109_1946_0315_ALF.XML -> rothdev/NYT20001109_1946_0315_ALF.XML
ace04/ENGLISH/NWIRE/NYT20001109_1946_0315_APF.XML -> rothdev/NYT20001109_1946_0315_APF.XML
ace04/ENGLISH/NWIRE/NYT20001109_1946_0315_PP_AG.XML -> rothdev/NYT20001109_1946_0315_PP_AG.XML
ace04/ENGLISH/NWIRE/APW20001207_2118_0838.SGM -> rothdev/APW20001207_2118_0838.SGM
ace04/ENGLISH/NWIRE/APW20001207_2118_0838_ALF.XML -> rothdev/APW20001207_2118_0838_ALF.XML
ace04/ENGLISH/NWIRE/APW20001207_2118_0838_APF.XML -> rothdev/APW20001207_2118_0838_APF.XML
ace04/ENGLISH/NWIRE/APW20001207_2118_0838_PP_AG.XML -> rothdev/APW20001207_2118_0838_PP_AG.XML
ace04/ENGLISH/BNEWS/PRI20001122_2000_0320.SGM -> rothdev/PRI20001122_2000_0320.SGM
ace04/ENGLISH/BNEWS/PRI20001122_2000_0320_ALF.XML -> rothdev/PRI20001122_2000_0320_ALF.XML
ace04/ENGLISH/BNEWS/PRI20001122_2000_0320_APF.XML -> rothdev/PRI20001122_2000_0320_APF.XML
ace04/ENGLISH/BNEWS/PRI20001122_2000_0320_PP_AG.XML -> rothdev/PRI20001122_2000_0320_PP_AG.XML
ace04/ENGLISH/NWIRE/APW20001130_2108_0849.SGM -> rothdev/APW20001130_2108_0849.SGM
ace04/ENGLISH/NWIRE/APW20001130_2108_0849_ALF.XML -> rothdev/APW20001130_2108_0849_ALF.XML
ace04/ENGLISH/NWIRE/APW20001130_2108_0849_APF.XML -> rothdev/APW20001130_2108_0849_APF.XML
ace04/ENGLISH/NWIRE/APW20001130_2108_0849_PP_AG.XML -> rothdev/APW20001130_2108_0849_PP_AG.XML
ace04/ENGLISH/NWIRE/APW20001208_1126_0362.SGM -> rothdev/APW20001208_1126_0362.SGM
ace04/ENGLISH/NWIRE/APW20001208_1126_0362_ALF.XML -> rothdev/APW20001208_1126_0362_ALF.XML
ace04/ENGLISH/NWIRE/APW20001208_1126_0362_APF.XML -> rothdev/APW20001208_1126_0362_APF.XML
ace04/ENGLISH/NWIRE/APW20001208_1126_0362_PP_AG.XML -> rothdev/APW20001208_1126_0362_PP_AG.XML
ace04/ENGLISH/NWIRE/APW20001016_1325_0321.SGM -> rothdev/APW20001016_1325_0321.SGM
ace04/ENGLISH/NWIRE/APW20001016_1325_0321_ALF.XML -> rothdev/APW20001016_1325_0321_ALF.XML
ace04/ENGLISH/NWIRE/APW20001016_1325_0321_APF.XML -> rothdev/APW20001016_1325_0321_APF.XML
ace04/ENGLISH/NWIRE/APW20001016_1325_0321_PP_AG.XML -> rothdev/APW20001016_1325_0321_PP_AG.XML
rothdev/20000715_AFP_ARB_0072_ENG_A.XML -> rothdev/20000715_AFP_ARB_0072_ENG_APF.XML
rothdev/20000815_AFP_ARB_0071_ENG_A.XML -> rothdev/20000815_AFP_ARB_0071_ENG_APF.XML
rothdev/20001015_AFP_ARB_0053_ENG_A.XML -> rothdev/20001015_AFP_ARB_0053_ENG_APF.XML
rothdev/20001015_AFP_ARB_0229_ENG_A.XML -> rothdev/20001015_AFP_ARB_0229_ENG_APF.XML
rothdev/20001115_AFP_ARB_0013_ENG_A.XML -> rothdev/20001115_AFP_ARB_0013_ENG_APF.XML
rothdev/20001115_AFP_ARB_0030_ENG_A.XML -> rothdev/20001115_AFP_ARB_0030_ENG_APF.XML
rothdev/20001115_AFP_ARB_0060_ENG_A.XML -> rothdev/20001115_AFP_ARB_0060_ENG_APF.XML
rothdev/20001115_AFP_ARB_0061_ENG_A.XML -> rothdev/20001115_AFP_ARB_0061_ENG_APF.XML
rothdev/20001115_AFP_ARB_0065_ENG_A.XML -> rothdev/20001115_AFP_ARB_0065_ENG_APF.XML
rothdev/20001115_AFP_ARB_0072_ENG_A.XML -> rothdev/20001115_AFP_ARB_0072_ENG_APF.XML
rothdev/20001115_AFP_ARB_0089_ENG_A.XML -> rothdev/20001115_AFP_ARB_0089_ENG_APF.XML
rothdev/20001115_AFP_ARB_0093_ENG_A.XML -> rothdev/20001115_AFP_ARB_0093_ENG_APF.XML
rothdev/20001115_AFP_ARB_0184_ENG_A.XML -> rothdev/20001115_AFP_ARB_0184_ENG_APF.XML
rothdev/20001115_AFP_ARB_0210_ENG_A.XML -> rothdev/20001115_AFP_ARB_0210_ENG_APF.XML
rothdev/20001115_AFP_ARB_0212_ENG_A.XML -> rothdev/20001115_AFP_ARB_0212_ENG_APF.XML
rothdev/20001115_AFP_ARB_0217_ENG_A.XML -> rothdev/20001115_AFP_ARB_0217_ENG_APF.XML
